This is pdfTeX, Version 3.1415926-2.4-1.40.13 (TeX Live 2012/Debian) (format=pdflatex 2013.3.21)  3 MAY 2013 06:51
entering extended mode
 restricted \write18 enabled.
 %&-line parsing enabled.
**paper
(./paper.tex
LaTeX2e <2011/06/27>
Babel <v3.8m> and hyphenation patterns for english, dumylang, nohyphenation, et
hiopic, farsi, arabic, pinyin, croatian, bulgarian, ukrainian, russian, slovak,
 czech, danish, dutch, usenglishmax, ukenglish, finnish, french, basque, ngerma
n, german, swissgerman, ngerman-x-2012-05-30, german-x-2012-05-30, monogreek, g
reek, ibycus, ancientgreek, hungarian, bengali, tamil, hindi, telugu, gujarati,
 sanskrit, malayalam, kannada, assamese, marathi, oriya, panjabi, italian, lati
n, latvian, lithuanian, mongolian, mongolianlmc, nynorsk, bokmal, indonesian, e
speranto, coptic, welsh, irish, interlingua, serbian, serbianc, slovenian, friu
lan, romansh, estonian, romanian, armenian, uppersorbian, turkish, afrikaans, i
celandic, kurmanji, polish, portuguese, galician, catalan, spanish, swedish, th
ai, loaded.
(./llncs.cls
Document Class: llncs 2010/07/12 v2.17 
 LaTeX document class for Lecture Notes in Computer Science
(/usr/share/texlive/texmf-dist/tex/latex/base/article.cls
Document Class: article 2007/10/19 v1.4h Standard LaTeX document class
(/usr/share/texlive/texmf-dist/tex/latex/base/size10.clo
File: size10.clo 2007/10/19 v1.4h Standard LaTeX file (size option)
)
\c@part=\count79
\c@section=\count80
\c@subsection=\count81
\c@subsubsection=\count82
\c@paragraph=\count83
\c@subparagraph=\count84
\c@figure=\count85
\c@table=\count86
\abovecaptionskip=\skip41
\belowcaptionskip=\skip42
\bibindent=\dimen102
)
(/usr/share/texlive/texmf-dist/tex/latex/tools/multicol.sty
Package: multicol 2011/06/27 v1.7a multicolumn formatting (FMi)
\c@tracingmulticols=\count87
\mult@box=\box26
\multicol@leftmargin=\dimen103
\c@unbalance=\count88
\c@collectmore=\count89
\doublecol@number=\count90
\multicoltolerance=\count91
\multicolpretolerance=\count92
\full@width=\dimen104
\page@free=\dimen105
\premulticols=\dimen106
\postmulticols=\dimen107
\multicolsep=\skip43
\multicolbaselineskip=\skip44
\partial@page=\box27
\last@line=\box28
\mult@rightbox=\box29
\mult@grightbox=\box30
\mult@gfirstbox=\box31
\mult@firstbox=\box32
\@tempa=\box33
\@tempa=\box34
\@tempa=\box35
\@tempa=\box36
\@tempa=\box37
\@tempa=\box38
\@tempa=\box39
\@tempa=\box40
\@tempa=\box41
\@tempa=\box42
\@tempa=\box43
\@tempa=\box44
\@tempa=\box45
\@tempa=\box46
\@tempa=\box47
\@tempa=\box48
\@tempa=\box49
\c@columnbadness=\count93
\c@finalcolumnbadness=\count94
\last@try=\dimen108
\multicolovershoot=\dimen109
\multicolundershoot=\dimen110
\mult@nat@firstbox=\box50
\colbreak@box=\box51
\multicol@sort@counter=\count95
)
(/usr/share/texlive/texmf-dist/tex/latex/oberdiek/aliascnt.sty
Package: aliascnt 2009/09/08 v1.3 Alias counters (HO)

(/usr/share/texlive/texmf-dist/tex/latex/carlisle/remreset.sty))
\c@chapter=\count96
LaTeX Font Info:    Redeclaring math symbol \Gamma on input line 362.
LaTeX Font Info:    Redeclaring math symbol \Delta on input line 363.
LaTeX Font Info:    Redeclaring math symbol \Theta on input line 364.
LaTeX Font Info:    Redeclaring math symbol \Lambda on input line 365.
LaTeX Font Info:    Redeclaring math symbol \Xi on input line 366.
LaTeX Font Info:    Redeclaring math symbol \Pi on input line 367.
LaTeX Font Info:    Redeclaring math symbol \Sigma on input line 368.
LaTeX Font Info:    Redeclaring math symbol \Upsilon on input line 369.
LaTeX Font Info:    Redeclaring math symbol \Phi on input line 370.
LaTeX Font Info:    Redeclaring math symbol \Psi on input line 371.
LaTeX Font Info:    Redeclaring math symbol \Omega on input line 372.
\tocchpnum=\dimen111
\tocsecnum=\dimen112
\tocsectotal=\dimen113
\tocsubsecnum=\dimen114
\tocsubsectotal=\dimen115
\tocsubsubsecnum=\dimen116
\tocsubsubsectotal=\dimen117
\tocparanum=\dimen118
\tocparatotal=\dimen119
\tocsubparanum=\dimen120
\@tempcntc=\count97
\fnindent=\dimen121
\c@@inst=\count98
\c@@auth=\count99
\c@auco=\count100
\instindent=\dimen122
\authrun=\box52
\authorrunning=\toks14
\tocauthor=\toks15
\titrun=\box53
\titlerunning=\toks16
\toctitle=\toks17
\c@theorem=\count101
\c@case=\count102
\c@conjecture=\count103
\c@corollary=\count104
\c@definition=\count105
\c@example=\count106
\c@exercise=\count107
\c@lemma=\count108
\c@note=\count109
\c@problem=\count110
\c@property=\count111
\c@proposition=\count112
\c@question=\count113
\c@solution=\count114
\c@remark=\count115
\headlineindent=\dimen123
)
(/usr/share/texlive/texmf-dist/tex/latex/graphics/graphicx.sty
Package: graphicx 1999/02/16 v1.0f Enhanced LaTeX Graphics (DPC,SPQR)

(/usr/share/texlive/texmf-dist/tex/latex/graphics/keyval.sty
Package: keyval 1999/03/16 v1.13 key=value parser (DPC)
\KV@toks@=\toks18
)
(/usr/share/texlive/texmf-dist/tex/latex/graphics/graphics.sty
Package: graphics 2009/02/05 v1.0o Standard LaTeX Graphics (DPC,SPQR)

(/usr/share/texlive/texmf-dist/tex/latex/graphics/trig.sty
Package: trig 1999/03/16 v1.09 sin cos tan (DPC)
)
(/usr/share/texlive/texmf-dist/tex/latex/latexconfig/graphics.cfg
File: graphics.cfg 2010/04/23 v1.9 graphics configuration of TeX Live
)
Package graphics Info: Driver file: pdftex.def on input line 91.

(/usr/share/texlive/texmf-dist/tex/latex/pdftex-def/pdftex.def
File: pdftex.def 2011/05/27 v0.06d Graphics/color for pdfTeX

(/usr/share/texlive/texmf-dist/tex/generic/oberdiek/infwarerr.sty
Package: infwarerr 2010/04/08 v1.3 Providing info/warning/error messages (HO)
)
(/usr/share/texlive/texmf-dist/tex/generic/oberdiek/ltxcmds.sty
Package: ltxcmds 2011/11/09 v1.22 LaTeX kernel commands for general use (HO)
)
\Gread@gobject=\count116
))
\Gin@req@height=\dimen124
\Gin@req@width=\dimen125
)
(/usr/share/texlive/texmf-dist/tex/latex/cite/cite.sty
LaTeX Info: Redefining \cite on input line 302.
LaTeX Info: Redefining \nocite on input line 373.
Package: cite 2010/09/10  v 5.3
)
(/usr/share/texlive/texmf-dist/tex/latex/amsfonts/amssymb.sty
Package: amssymb 2009/06/22 v3.00

(/usr/share/texlive/texmf-dist/tex/latex/amsfonts/amsfonts.sty
Package: amsfonts 2009/06/22 v3.00 Basic AMSFonts support
\@emptytoks=\toks19
\symAMSa=\mathgroup4
\symAMSb=\mathgroup5
LaTeX Font Info:    Overwriting math alphabet `\mathfrak' in version `bold'
(Font)                  U/euf/m/n --> U/euf/b/n on input line 96.
))
(/usr/share/texlive/texmf-dist/tex/latex/amsmath/amsmath.sty
Package: amsmath 2000/07/18 v2.13 AMS math features
\@mathmargin=\skip45

For additional information on amsmath, use the `?' option.
(/usr/share/texlive/texmf-dist/tex/latex/amsmath/amstext.sty
Package: amstext 2000/06/29 v2.01

(/usr/share/texlive/texmf-dist/tex/latex/amsmath/amsgen.sty
File: amsgen.sty 1999/11/30 v2.0
\@emptytoks=\toks20
\ex@=\dimen126
))
(/usr/share/texlive/texmf-dist/tex/latex/amsmath/amsbsy.sty
Package: amsbsy 1999/11/29 v1.2d
\pmbraise@=\dimen127
)
(/usr/share/texlive/texmf-dist/tex/latex/amsmath/amsopn.sty
Package: amsopn 1999/12/14 v2.01 operator names
)
\inf@bad=\count117
LaTeX Info: Redefining \frac on input line 211.
\uproot@=\count118
\leftroot@=\count119
LaTeX Info: Redefining \overline on input line 307.
\classnum@=\count120
\DOTSCASE@=\count121
LaTeX Info: Redefining \ldots on input line 379.
LaTeX Info: Redefining \dots on input line 382.
LaTeX Info: Redefining \cdots on input line 467.
\Mathstrutbox@=\box54
\strutbox@=\box55
\big@size=\dimen128
LaTeX Font Info:    Redeclaring font encoding OML on input line 567.
LaTeX Font Info:    Redeclaring font encoding OMS on input line 568.


Package amsmath Warning: Unable to redefine math accent \vec.

\macc@depth=\count122
\c@MaxMatrixCols=\count123
\dotsspace@=\muskip10
\c@parentequation=\count124
\dspbrk@lvl=\count125
\tag@help=\toks21
\row@=\count126
\column@=\count127
\maxfields@=\count128
\andhelp@=\toks22
\eqnshift@=\dimen129
\alignsep@=\dimen130
\tagshift@=\dimen131
\tagwidth@=\dimen132
\totwidth@=\dimen133
\lineht@=\dimen134
\@envbody=\toks23
\multlinegap=\skip46
\multlinetaggap=\skip47
\mathdisplay@stack=\toks24
LaTeX Info: Redefining \[ on input line 2666.
LaTeX Info: Redefining \] on input line 2667.
) (./algorithm.sty
Package: algorithm 

Document Style `algorithm' - floating environment
(/usr/share/texlive/texmf-dist/tex/latex/float/float.sty
Package: float 2001/11/08 v1.3d Float enhancements (AL)
\c@float@type=\count129
\float@exts=\toks25
\float@box=\box56
\@float@everytoks=\toks26
\@floatcapt=\box57
)
(/usr/share/texlive/texmf-dist/tex/latex/base/ifthen.sty
Package: ifthen 2001/05/26 v1.1c Standard LaTeX ifthen package (DPC)
)
\@float@every@algorithm=\toks27
\c@algorithm=\count130
) (./algorithmic.sty
Package: algorithmic 

Document Style `algorithmic' - environment
(/usr/share/texlive/texmf-dist/tex/latex/tools/calc.sty
Package: calc 2007/08/22 v4.3 Infix arithmetic (KKT,FJ)
\calc@Acount=\count131
\calc@Bcount=\count132
\calc@Adimen=\dimen135
\calc@Bdimen=\dimen136
\calc@Askip=\skip48
\calc@Bskip=\skip49
LaTeX Info: Redefining \setlength on input line 76.
LaTeX Info: Redefining \addtolength on input line 77.
\calc@Ccount=\count133
\calc@Cskip=\skip50
)
\c@ALC@line=\count134
\c@ALC@rem=\count135
\ALC@tlm=\skip51
)
(/usr/share/texlive/texmf-dist/tex/latex/tools/array.sty
Package: array 2008/09/09 v2.4c Tabular extension package (FMi)
\col@sep=\dimen137
\extrarowheight=\dimen138
\NC@list=\toks28
\extratabsurround=\skip52
\backup@length=\skip53
)
(/usr/share/texlive/texmf-dist/tex/latex/graphics/color.sty
Package: color 2005/11/14 v1.0j Standard LaTeX Color (DPC)

(/usr/share/texlive/texmf-dist/tex/latex/latexconfig/color.cfg
File: color.cfg 2007/01/18 v1.5 color configuration of teTeX/TeXLive
)
Package color Info: Driver file: pdftex.def on input line 130.
) (./paper.aux)
\openout1 = `paper.aux'.

LaTeX Font Info:    Checking defaults for OML/cmm/m/it on input line 33.
LaTeX Font Info:    ... okay on input line 33.
LaTeX Font Info:    Checking defaults for T1/cmr/m/n on input line 33.
LaTeX Font Info:    ... okay on input line 33.
LaTeX Font Info:    Checking defaults for OT1/cmr/m/n on input line 33.
LaTeX Font Info:    ... okay on input line 33.
LaTeX Font Info:    Checking defaults for OMS/cmsy/m/n on input line 33.
LaTeX Font Info:    ... okay on input line 33.
LaTeX Font Info:    Checking defaults for OMX/cmex/m/n on input line 33.
LaTeX Font Info:    ... okay on input line 33.
LaTeX Font Info:    Checking defaults for U/cmr/m/n on input line 33.
LaTeX Font Info:    ... okay on input line 33.

(/usr/share/texlive/texmf-dist/tex/context/base/supp-pdf.mkii
[Loading MPS to PDF converter (version 2006.09.02).]
\scratchcounter=\count136
\scratchdimen=\dimen139
\scratchbox=\box58
\nofMPsegments=\count137
\nofMParguments=\count138
\everyMPshowfont=\toks29
\MPscratchCnt=\count139
\MPscratchDim=\dimen140
\MPnumerator=\count140
\makeMPintoPDFobject=\count141
\everyMPtoPDFconversion=\toks30
) (/usr/share/texlive/texmf-dist/tex/generic/oberdiek/pdftexcmds.sty
Package: pdftexcmds 2011/11/29 v0.20 Utility functions of pdfTeX for LuaTeX (HO
)

(/usr/share/texlive/texmf-dist/tex/generic/oberdiek/ifluatex.sty
Package: ifluatex 2010/03/01 v1.3 Provides the ifluatex switch (HO)
Package ifluatex Info: LuaTeX not detected.
)
(/usr/share/texlive/texmf-dist/tex/generic/oberdiek/ifpdf.sty
Package: ifpdf 2011/01/30 v2.3 Provides the ifpdf switch (HO)
Package ifpdf Info: pdfTeX in PDF mode is detected.
)
Package pdftexcmds Info: LuaTeX not detected.
Package pdftexcmds Info: \pdf@primitive is available.
Package pdftexcmds Info: \pdf@ifprimitive is available.
Package pdftexcmds Info: \pdfdraftmode found.
)
(/usr/share/texlive/texmf-dist/tex/latex/oberdiek/epstopdf-base.sty
Package: epstopdf-base 2010/02/09 v2.5 Base part for package epstopdf

(/usr/share/texlive/texmf-dist/tex/latex/oberdiek/grfext.sty
Package: grfext 2010/08/19 v1.1 Manage graphics extensions (HO)

(/usr/share/texlive/texmf-dist/tex/generic/oberdiek/kvdefinekeys.sty
Package: kvdefinekeys 2011/04/07 v1.3 Define keys (HO)
))
(/usr/share/texlive/texmf-dist/tex/latex/oberdiek/kvoptions.sty
Package: kvoptions 2011/06/30 v3.11 Key value format for package options (HO)

(/usr/share/texlive/texmf-dist/tex/generic/oberdiek/kvsetkeys.sty
Package: kvsetkeys 2012/04/25 v1.16 Key value parser (HO)

(/usr/share/texlive/texmf-dist/tex/generic/oberdiek/etexcmds.sty
Package: etexcmds 2011/02/16 v1.5 Avoid name clashes with e-TeX commands (HO)
Package etexcmds Info: Could not find \expanded.
(etexcmds)             That can mean that you are not using pdfTeX 1.50 or
(etexcmds)             that some package has redefined \expanded.
(etexcmds)             In the latter case, load this package earlier.
)))
Package grfext Info: Graphics extension search list:
(grfext)             [.png,.pdf,.jpg,.mps,.jpeg,.jbig2,.jb2,.PNG,.PDF,.JPG,.JPE
G,.JBIG2,.JB2,.eps]
(grfext)             \AppendGraphicsExtensions on input line 452.

(/usr/share/texlive/texmf-dist/tex/latex/latexconfig/epstopdf-sys.cfg
File: epstopdf-sys.cfg 2010/07/13 v1.3 Configuration of (r)epstopdf for TeX Liv
e
))
LaTeX Font Info:    Try loading font information for U+msa on input line 55.

(/usr/share/texlive/texmf-dist/tex/latex/amsfonts/umsa.fd
File: umsa.fd 2009/06/22 v3.00 AMS symbols A
)
LaTeX Font Info:    Try loading font information for U+msb on input line 55.

(/usr/share/texlive/texmf-dist/tex/latex/amsfonts/umsb.fd
File: umsb.fd 2009/06/22 v3.00 AMS symbols B
) [1



{/var/lib/texmf/fonts/map/pdftex/updmap/pdftex.map}]

LaTeX Font Warning: Command \small invalid in math mode on input line 129.


LaTeX Font Warning: Command \small invalid in math mode on input line 174.


LaTeX Font Warning: Command \small invalid in math mode on input line 178.


LaTeX Font Warning: Command \small invalid in math mode on input line 181.

[2]

LaTeX Font Warning: Command \small invalid in math mode on input line 254.


LaTeX Font Warning: Command \small invalid in math mode on input line 259.


LaTeX Font Warning: Command \small invalid in math mode on input line 260.


LaTeX Font Warning: Command \small invalid in math mode on input line 268.


Overfull \hbox (8.1963pt too wide) in paragraph at lines 266--272
\OT1/cmr/m/n/10 away from its neigh-bors. A weak sig-moidal re-pul-sive po-ten-
tial, de-noted as $\OML/cmm/m/it/10 PF[]\OT1/cmr/m/n/10 (\OML/cmm/m/it/10 b\OT1
/cmr/m/n/10 )$,
 []


LaTeX Font Warning: Command \small invalid in math mode on input line 274.


LaTeX Font Warning: Command \small invalid in math mode on input line 284.


LaTeX Font Warning: Command \small invalid in math mode on input line 290.


LaTeX Font Warning: Command \small invalid in math mode on input line 297.


LaTeX Font Warning: Command \small invalid in math mode on input line 298.


LaTeX Font Warning: Command \small invalid in math mode on input line 302.


LaTeX Font Warning: Command \small invalid in math mode on input line 302.


LaTeX Font Warning: Command \small invalid in math mode on input line 303.


LaTeX Font Warning: Command \small invalid in math mode on input line 303.


LaTeX Font Warning: Command \small invalid in math mode on input line 303.


LaTeX Font Warning: Command \small invalid in math mode on input line 304.


LaTeX Font Warning: Command \small invalid in math mode on input line 304.


LaTeX Font Warning: Command \small invalid in math mode on input line 307.


LaTeX Font Warning: Command \small invalid in math mode on input line 308.


LaTeX Font Warning: Command \small invalid in math mode on input line 308.


LaTeX Font Warning: Command \small invalid in math mode on input line 309.


LaTeX Font Warning: Command \small invalid in math mode on input line 309.


LaTeX Font Warning: Command \small invalid in math mode on input line 309.


LaTeX Font Warning: Command \small invalid in math mode on input line 309.


Overfull \hbox (2.82567pt too wide) in paragraph at lines 308--310
[] []$\OML/cmm/m/it/9 PF\OT1/cmr/m/n/9 (\OML/cmm/m/it/9 b\OT1/cmr/m/n/9 ) \OMS/
cmsy/m/n/9   []\OT1/cmr/m/n/9 (\OML/cmm/m/it/9 PF[]\OT1/cmr/m/n/9 (\OML/cmm/m/i
t/9 b\OT1/cmr/m/n/9 )\OML/cmm/m/it/9 ; PF[]\OT1/cmr/m/n/9 (\OML/cmm/m/it/9 b\OT
1/cmr/m/n/9 )\OML/cmm/m/it/9 ; PF[]\OT1/cmr/m/n/9 (\OML/cmm/m/it/9 b\OT1/cmr/m/
n/9 )\OML/cmm/m/it/9 ; PF[]\OT1/cmr/m/n/9 (\OML/cmm/m/it/9 b\OT1/cmr/m/n/9 )\OM
L/cmm/m/it/9 ; PF[]\OT1/cmr/m/n/9 (\OML/cmm/m/it/9 b\OT1/cmr/m/n/9 ))$ 
 []


LaTeX Font Warning: Command \small invalid in math mode on input line 310.


LaTeX Font Warning: Command \small invalid in math mode on input line 310.


LaTeX Font Warning: Command \small invalid in math mode on input line 313.


LaTeX Font Warning: Command \small invalid in math mode on input line 314.


LaTeX Font Warning: Command \small invalid in math mode on input line 314.


LaTeX Font Warning: Command \small invalid in math mode on input line 315.


LaTeX Font Warning: Command \small invalid in math mode on input line 315.


LaTeX Font Warning: Command \small invalid in math mode on input line 315.

[3]

LaTeX Font Warning: Command \small invalid in math mode on input line 341.


LaTeX Font Warning: Command \small invalid in math mode on input line 346.


LaTeX Font Warning: Command \small invalid in math mode on input line 354.


LaTeX Font Warning: Command \small invalid in math mode on input line 356.


LaTeX Font Warning: Command \small invalid in math mode on input line 358.


LaTeX Font Warning: Command \small invalid in math mode on input line 360.


LaTeX Font Warning: Command \small invalid in math mode on input line 360.


LaTeX Font Warning: Command \small invalid in math mode on input line 363.


LaTeX Font Warning: Command \small invalid in math mode on input line 366.


LaTeX Font Warning: Command \small invalid in math mode on input line 366.


LaTeX Font Warning: Command \small invalid in math mode on input line 367.


LaTeX Font Warning: Command \small invalid in math mode on input line 370.

[4]

LaTeX Font Warning: Command \small invalid in math mode on input line 379.


LaTeX Font Warning: Command \small invalid in math mode on input line 397.


LaTeX Font Warning: Command \small invalid in math mode on input line 398.


LaTeX Font Warning: Command \small invalid in math mode on input line 413.


LaTeX Font Warning: Command \small invalid in math mode on input line 413.


LaTeX Font Warning: Command \small invalid in math mode on input line 413.


LaTeX Font Warning: Command \small invalid in math mode on input line 413.


LaTeX Font Warning: Command \small invalid in math mode on input line 414.


LaTeX Font Warning: Command \small invalid in math mode on input line 415.


LaTeX Font Warning: Command \small invalid in math mode on input line 430.


LaTeX Font Warning: Command \small invalid in math mode on input line 433.


LaTeX Font Warning: Command \small invalid in math mode on input line 434.


LaTeX Font Warning: Command \small invalid in math mode on input line 434.


LaTeX Font Warning: Command \small invalid in math mode on input line 434.


LaTeX Font Warning: Command \small invalid in math mode on input line 434.


LaTeX Font Warning: Command \small invalid in math mode on input line 435.


LaTeX Font Warning: Command \small invalid in math mode on input line 435.


LaTeX Font Warning: Command \small invalid in math mode on input line 435.


LaTeX Font Warning: Command \small invalid in math mode on input line 437.


LaTeX Font Warning: Command \small invalid in math mode on input line 437.


LaTeX Font Warning: Command \small invalid in math mode on input line 438.

[5]

LaTeX Font Warning: Command \small invalid in math mode on input line 445.


LaTeX Font Warning: Command \small invalid in math mode on input line 447.


LaTeX Font Warning: Command \small invalid in math mode on input line 448.


LaTeX Font Warning: Command \small invalid in math mode on input line 448.


LaTeX Font Warning: Command \small invalid in math mode on input line 448.


LaTeX Font Warning: Command \small invalid in math mode on input line 450.


LaTeX Font Warning: Command \small invalid in math mode on input line 454.


LaTeX Font Warning: Command \small invalid in math mode on input line 457.


LaTeX Font Warning: Command \small invalid in math mode on input line 458.


LaTeX Font Warning: Command \small invalid in math mode on input line 458.


LaTeX Font Warning: Command \small invalid in math mode on input line 458.


LaTeX Font Warning: Command \small invalid in math mode on input line 458.


LaTeX Font Warning: Command \small invalid in math mode on input line 459.


LaTeX Font Warning: Command \small invalid in math mode on input line 459.


LaTeX Font Warning: Command \small invalid in math mode on input line 466.


LaTeX Font Warning: Command \small invalid in math mode on input line 467.


LaTeX Font Warning: Command \small invalid in math mode on input line 469.


LaTeX Font Warning: Command \small invalid in math mode on input line 471.


LaTeX Font Warning: Command \small invalid in math mode on input line 473.


LaTeX Font Warning: Command \small invalid in math mode on input line 474.


LaTeX Font Warning: Command \small invalid in math mode on input line 474.


LaTeX Font Warning: Command \small invalid in math mode on input line 474.


LaTeX Font Warning: Command \small invalid in math mode on input line 474.


LaTeX Font Warning: Command \small invalid in math mode on input line 474.


LaTeX Font Warning: Command \small invalid in math mode on input line 475.


LaTeX Font Warning: Command \small invalid in math mode on input line 478.


LaTeX Font Warning: Command \small invalid in math mode on input line 494.


LaTeX Font Warning: Command \small invalid in math mode on input line 494.


LaTeX Font Warning: Command \small invalid in math mode on input line 496.


LaTeX Font Warning: Command \small invalid in math mode on input line 502.


LaTeX Font Warning: Command \small invalid in math mode on input line 503.


LaTeX Font Warning: Command \small invalid in math mode on input line 503.

[6]

LaTeX Font Warning: Command \small invalid in math mode on input line 516.


LaTeX Font Warning: Command \small invalid in math mode on input line 518.


LaTeX Font Warning: Command \small invalid in math mode on input line 518.


LaTeX Font Warning: Command \small invalid in math mode on input line 519.


LaTeX Font Warning: Command \small invalid in math mode on input line 523.


LaTeX Font Warning: Command \small invalid in math mode on input line 524.


LaTeX Font Warning: Command \small invalid in math mode on input line 530.


LaTeX Font Warning: Command \small invalid in math mode on input line 530.


LaTeX Font Warning: Command \small invalid in math mode on input line 533.


LaTeX Font Warning: Command \small invalid in math mode on input line 537.


LaTeX Font Warning: Command \small invalid in math mode on input line 537.


LaTeX Font Warning: Command \small invalid in math mode on input line 538.


LaTeX Font Warning: Command \small invalid in math mode on input line 539.


LaTeX Font Warning: Command \small invalid in math mode on input line 540.


LaTeX Font Warning: Command \small invalid in math mode on input line 540.


LaTeX Font Warning: Command \small invalid in math mode on input line 547.


LaTeX Font Warning: Command \small invalid in math mode on input line 549.


LaTeX Font Warning: Command \small invalid in math mode on input line 572.


LaTeX Font Warning: Command \small invalid in math mode on input line 572.


LaTeX Font Warning: Command \small invalid in math mode on input line 574.


LaTeX Font Warning: Command \small invalid in math mode on input line 574.


LaTeX Font Warning: Command \small invalid in math mode on input line 574.


LaTeX Font Warning: Command \small invalid in math mode on input line 574.


LaTeX Font Warning: Command \small invalid in math mode on input line 575.


LaTeX Font Warning: Command \small invalid in math mode on input line 575.


LaTeX Font Warning: Command \small invalid in math mode on input line 581.


LaTeX Font Warning: Command \small invalid in math mode on input line 581.


LaTeX Font Warning: Command \small invalid in math mode on input line 582.


LaTeX Font Warning: Command \small invalid in math mode on input line 582.


LaTeX Font Warning: Command \small invalid in math mode on input line 582.

[7] <m7.pdf, id=48, 1246.6575pt x 722.7pt>
File: m7.pdf Graphic file (type pdf)
 <use m7.pdf>
Package pdftex.def Info: m7.pdf used on input line 612.
(pdftex.def)             Requested size: 190.91899pt x 110.67198pt.

<scene1.pdf, id=49, 1284.8pt x 722.7pt>
File: scene1.pdf Graphic file (type pdf)
 <use scene1.pdf>
Package pdftex.def Info: scene1.pdf used on input line 613.
(pdftex.def)             Requested size: 190.91899pt x 107.38579pt.

<scene2.pdf, id=50, 1246.6575pt x 722.7pt>
File: scene2.pdf Graphic file (type pdf)
 <use scene2.pdf>
Package pdftex.def Info: scene2.pdf used on input line 615.
(pdftex.def)             Requested size: 190.91899pt x 110.67198pt.

Overfull \hbox (40.31442pt too wide) in paragraph at lines 611--620
[][] 
 []

[8 <./m7.pdf> <./scene1.pdf

pdfTeX warning: pdflatex (file ./scene1.pdf): PDF inclusion: multiple pdfs with
 page group included in a single page
> <./scene2.pdf

pdfTeX warning: pdflatex (file ./scene2.pdf): PDF inclusion: multiple pdfs with
 page group included in a single page
>]

LaTeX Font Warning: Command \small invalid in math mode on input line 656.


LaTeX Font Warning: Command \small invalid in math mode on input line 662.

<figResT.pdf, id=73, 903.375pt x 505.89pt>
File: figResT.pdf Graphic file (type pdf)
 <use figResT.pdf>
Package pdftex.def Info: figResT.pdf used on input line 666.
(pdftex.def)             Requested size: 170.09244pt x 95.24782pt.

<figResST.pdf, id=74, 903.375pt x 505.89pt>
File: figResST.pdf Graphic file (type pdf)
 <use figResST.pdf>
Package pdftex.def Info: figResST.pdf used on input line 667.
(pdftex.def)             Requested size: 170.09244pt x 95.24782pt.


LaTeX Font Warning: Command \small invalid in math mode on input line 676.


LaTeX Font Warning: Command \small invalid in math mode on input line 678.

[9 <./figResT.pdf, page is rotated 90 degrees> <./figResST.pdf, page is rotated
 90 degrees>] <figResFL.pdf, id=88, 903.375pt x 505.89pt>
File: figResFL.pdf Graphic file (type pdf)
 <use figResFL.pdf>
Package pdftex.def Info: figResFL.pdf used on input line 698.
(pdftex.def)             Requested size: 225.62817pt x 126.34868pt.

<figResD.pdf, id=89, 903.375pt x 505.89pt>
File: figResD.pdf Graphic file (type pdf)
 <use figResD.pdf>
Package pdftex.def Info: figResD.pdf used on input line 718.
(pdftex.def)             Requested size: 225.62817pt x 126.34868pt.


LaTeX Font Warning: Command \small invalid in math mode on input line 729.

[10 <./figResFL.pdf, page is rotated 90 degrees>] (./paper.bbl [11 <./figResD.p
df, page is rotated 90 degrees>]) [12] (./paper.aux) ) 
Here is how much of TeX's memory you used:
 3385 strings out of 493485
 43157 string characters out of 3143526
 113237 words of memory out of 3000000
 6609 multiletter control sequences out of 15000+200000
 13762 words of font info for 53 fonts, out of 3000000 for 9000
 957 hyphenation exceptions out of 8191
 38i,12n,24p,573b,514s stack positions out of 5000i,500n,10000p,200000b,50000s
</usr/share/texlive/texmf
-dist/fonts/type1/public/amsfonts/cm/cmbx10.pfb></usr/share/texlive/texmf-dist/
fonts/type1/public/amsfonts/cm/cmbx12.pfb></usr/share/texlive/texmf-dist/fonts/
type1/public/amsfonts/cm/cmbx9.pfb></usr/share/texlive/texmf-dist/fonts/type1/p
ublic/amsfonts/cm/cmcsc10.pfb></usr/share/texlive/texmf-dist/fonts/type1/public
/amsfonts/cm/cmex10.pfb></usr/share/texlive/texmf-dist/fonts/type1/public/amsfo
nts/cm/cmmi10.pfb></usr/share/texlive/texmf-dist/fonts/type1/public/amsfonts/cm
/cmmi5.pfb></usr/share/texlive/texmf-dist/fonts/type1/public/amsfonts/cm/cmmi6.
pfb></usr/share/texlive/texmf-dist/fonts/type1/public/amsfonts/cm/cmmi7.pfb></u
sr/share/texlive/texmf-dist/fonts/type1/public/amsfonts/cm/cmmi9.pfb></usr/shar
e/texlive/texmf-dist/fonts/type1/public/amsfonts/cm/cmr10.pfb></usr/share/texli
ve/texmf-dist/fonts/type1/public/amsfonts/cm/cmr6.pfb></usr/share/texlive/texmf
-dist/fonts/type1/public/amsfonts/cm/cmr7.pfb></usr/share/texlive/texmf-dist/fo
nts/type1/public/amsfonts/cm/cmr9.pfb></usr/share/texlive/texmf-dist/fonts/type
1/public/amsfonts/cm/cmsl8.pfb></usr/share/texlive/texmf-dist/fonts/type1/publi
c/amsfonts/cm/cmsl9.pfb></usr/share/texlive/texmf-dist/fonts/type1/public/amsfo
nts/cm/cmsy10.pfb></usr/share/texlive/texmf-dist/fonts/type1/public/amsfonts/cm
/cmsy5.pfb></usr/share/texlive/texmf-dist/fonts/type1/public/amsfonts/cm/cmsy7.
pfb></usr/share/texlive/texmf-dist/fonts/type1/public/amsfonts/cm/cmsy9.pfb></u
sr/share/texlive/texmf-dist/fonts/type1/public/amsfonts/cm/cmti9.pfb></usr/shar
e/texlive/texmf-dist/fonts/type1/public/amsfonts/cm/cmtt10.pfb></usr/share/texl
ive/texmf-dist/fonts/type1/public/amsfonts/cm/cmtt9.pfb>
Output written on paper.pdf (12 pages, 3599477 bytes).
PDF statistics:
 182 PDF objects out of 1000 (max. 8388607)
 126 compressed objects within 2 object streams
 0 named destinations out of 1000 (max. 500000)
 36 words of extra memory for PDF output out of 10000 (max. 10000000)

