This is pdfTeX, Version 3.1415926-2.5-1.40.14 (TeX Live 2013) (format=pdflatex 2013.5.30)  6 FEB 2014 00:34
entering extended mode
 restricted \write18 enabled.
 %&-line parsing enabled.
**iros14boids
(./iros14boids.tex
LaTeX2e <2011/06/27>
Babel <3.9f> and hyphenation patterns for 78 languages loaded.
(./ieeeconf.cls

LaTeX Warning: You have requested document class `ieeeconf',
               but the document class provides `cssconf'.

Document Class: cssconf 2004/1/15 revision V1.6b by Pradeep Misra
\@IEEEtrantmpdimenA=\dimen102
\@IEEEtrantmpdimenB=\dimen103
\@IEEEtrantmpcountA=\count79
\@IEEEtrantmpcountB=\count80
\@IEEEtrantmptoksA=\toks14
LaTeX Font Info:    Try loading font information for OT1+ptm on input line 794.

(/usr/local/texlive/2013/texmf-dist/tex/latex/psnfss/ot1ptm.fd
File: ot1ptm.fd 2001/06/04 font definitions for OT1/ptm.
)
\@IEEEnormalsizefontbaselineskip=\skip41

-- This is a 10 point document.
\normalsizebaselineskip=\skip42
\normaljot=\skip43
LaTeX Font Info:    Font shape `OT1/ptm/bx/n' in size <5> not available
(Font)              Font shape `OT1/ptm/b/n' tried instead on input line 1113.
LaTeX Font Info:    Font shape `OT1/ptm/bx/it' in size <5> not available
(Font)              Font shape `OT1/ptm/b/it' tried instead on input line 1113.

LaTeX Font Info:    Font shape `OT1/ptm/bx/n' in size <7> not available
(Font)              Font shape `OT1/ptm/b/n' tried instead on input line 1113.
LaTeX Font Info:    Font shape `OT1/ptm/bx/it' in size <7> not available
(Font)              Font shape `OT1/ptm/b/it' tried instead on input line 1113.

LaTeX Font Info:    Font shape `OT1/ptm/bx/n' in size <8> not available
(Font)              Font shape `OT1/ptm/b/n' tried instead on input line 1113.
LaTeX Font Info:    Font shape `OT1/ptm/bx/it' in size <8> not available
(Font)              Font shape `OT1/ptm/b/it' tried instead on input line 1113.

LaTeX Font Info:    Font shape `OT1/ptm/bx/n' in size <9> not available
(Font)              Font shape `OT1/ptm/b/n' tried instead on input line 1113.
LaTeX Font Info:    Font shape `OT1/ptm/bx/it' in size <9> not available
(Font)              Font shape `OT1/ptm/b/it' tried instead on input line 1113.

LaTeX Font Info:    Font shape `OT1/ptm/bx/n' in size <10> not available
(Font)              Font shape `OT1/ptm/b/n' tried instead on input line 1113.
LaTeX Font Info:    Font shape `OT1/ptm/bx/it' in size <10> not available
(Font)              Font shape `OT1/ptm/b/it' tried instead on input line 1113.

LaTeX Font Info:    Font shape `OT1/ptm/bx/n' in size <11> not available
(Font)              Font shape `OT1/ptm/b/n' tried instead on input line 1113.
LaTeX Font Info:    Font shape `OT1/ptm/bx/it' in size <11> not available
(Font)              Font shape `OT1/ptm/b/it' tried instead on input line 1113.

LaTeX Font Info:    Font shape `OT1/ptm/bx/n' in size <12> not available
(Font)              Font shape `OT1/ptm/b/n' tried instead on input line 1113.
LaTeX Font Info:    Font shape `OT1/ptm/bx/it' in size <12> not available
(Font)              Font shape `OT1/ptm/b/it' tried instead on input line 1113.

LaTeX Font Info:    Font shape `OT1/ptm/bx/n' in size <16> not available
(Font)              Font shape `OT1/ptm/b/n' tried instead on input line 1113.
LaTeX Font Info:    Font shape `OT1/ptm/bx/it' in size <16> not available
(Font)              Font shape `OT1/ptm/b/it' tried instead on input line 1113.

LaTeX Font Info:    Font shape `OT1/ptm/bx/n' in size <20> not available
(Font)              Font shape `OT1/ptm/b/n' tried instead on input line 1113.
LaTeX Font Info:    Font shape `OT1/ptm/bx/it' in size <20> not available
(Font)              Font shape `OT1/ptm/b/it' tried instead on input line 1113.

LaTeX Font Info:    Font shape `OT1/ptm/bx/n' in size <24> not available
(Font)              Font shape `OT1/ptm/b/n' tried instead on input line 1113.
LaTeX Font Info:    Font shape `OT1/ptm/bx/it' in size <24> not available
(Font)              Font shape `OT1/ptm/b/it' tried instead on input line 1113.

\IEEEilabelindentA=\dimen104
\IEEEilabelindentB=\dimen105
\IEEEilabelindent=\dimen106
\IEEEelabelindent=\dimen107
\IEEEdlabelindent=\dimen108
\labelindent=\dimen109
\IEEEiednormlabelsep=\dimen110
\IEEEiedmathlabelsep=\dimen111
\IEEEiedtopsep=\skip44
\c@section=\count81
\c@subsection=\count82
\c@subsubsection=\count83
\c@paragraph=\count84
\c@IEEEsubequation=\count85
\abovecaptionskip=\skip45
\belowcaptionskip=\skip46
\c@figure=\count86
\c@table=\count87
\@IEEEeqnnumcols=\count88
\@IEEEeqncolcnt=\count89
\@IEEEtmpitemindent=\dimen112
\c@biography=\count90
\@IEEEtranrubishbin=\box26
) (/usr/local/texlive/2013/texmf-dist/tex/latex/psnfss/times.sty
Package: times 2005/04/12 PSNFSS-v9.2a (SPQR) 
)
** ATTENTION: Overriding command lockouts (line 5).
** ATTENTION: Overriding IEEE standard margins (line 6).
(/usr/local/texlive/2013/texmf-dist/tex/latex/cite/cite.sty
LaTeX Info: Redefining \cite on input line 302.
LaTeX Info: Redefining \nocite on input line 373.
Package: cite 2010/09/10  v 5.3
)
(/usr/local/texlive/2013/texmf-dist/tex/latex/graphics/graphicx.sty
Package: graphicx 1999/02/16 v1.0f Enhanced LaTeX Graphics (DPC,SPQR)

(/usr/local/texlive/2013/texmf-dist/tex/latex/graphics/keyval.sty
Package: keyval 1999/03/16 v1.13 key=value parser (DPC)
\KV@toks@=\toks15
)
(/usr/local/texlive/2013/texmf-dist/tex/latex/graphics/graphics.sty
Package: graphics 2009/02/05 v1.0o Standard LaTeX Graphics (DPC,SPQR)

(/usr/local/texlive/2013/texmf-dist/tex/latex/graphics/trig.sty
Package: trig 1999/03/16 v1.09 sin cos tan (DPC)
)
(/usr/local/texlive/2013/texmf-dist/tex/latex/latexconfig/graphics.cfg
File: graphics.cfg 2010/04/23 v1.9 graphics configuration of TeX Live
)
Package graphics Info: Driver file: pdftex.def on input line 91.

(/usr/local/texlive/2013/texmf-dist/tex/latex/pdftex-def/pdftex.def
File: pdftex.def 2011/05/27 v0.06d Graphics/color for pdfTeX

(/usr/local/texlive/2013/texmf-dist/tex/generic/oberdiek/infwarerr.sty
Package: infwarerr 2010/04/08 v1.3 Providing info/warning/error messages (HO)
)
(/usr/local/texlive/2013/texmf-dist/tex/generic/oberdiek/ltxcmds.sty
Package: ltxcmds 2011/11/09 v1.22 LaTeX kernel commands for general use (HO)
)
\Gread@gobject=\count91
))
\Gin@req@height=\dimen113
\Gin@req@width=\dimen114
)
(/usr/local/texlive/2013/texmf-dist/tex/latex/amsfonts/amssymb.sty
Package: amssymb 2013/01/14 v3.01 AMS font symbols

(/usr/local/texlive/2013/texmf-dist/tex/latex/amsfonts/amsfonts.sty
Package: amsfonts 2013/01/14 v3.01 Basic AMSFonts support
\@emptytoks=\toks16
\symAMSa=\mathgroup4
\symAMSb=\mathgroup5
LaTeX Font Info:    Overwriting math alphabet `\mathfrak' in version `bold'
(Font)                  U/euf/m/n --> U/euf/b/n on input line 106.
))
(/usr/local/texlive/2013/texmf-dist/tex/latex/amsmath/amsmath.sty
Package: amsmath 2013/01/14 v2.14 AMS math features
\@mathmargin=\skip47

For additional information on amsmath, use the `?' option.
(/usr/local/texlive/2013/texmf-dist/tex/latex/amsmath/amstext.sty
Package: amstext 2000/06/29 v2.01

(/usr/local/texlive/2013/texmf-dist/tex/latex/amsmath/amsgen.sty
File: amsgen.sty 1999/11/30 v2.0
\@emptytoks=\toks17
\ex@=\dimen115
))
(/usr/local/texlive/2013/texmf-dist/tex/latex/amsmath/amsbsy.sty
Package: amsbsy 1999/11/29 v1.2d
\pmbraise@=\dimen116
)
(/usr/local/texlive/2013/texmf-dist/tex/latex/amsmath/amsopn.sty
Package: amsopn 1999/12/14 v2.01 operator names
)
\inf@bad=\count92
LaTeX Info: Redefining \frac on input line 210.
\uproot@=\count93
\leftroot@=\count94
LaTeX Info: Redefining \overline on input line 306.
\classnum@=\count95
\DOTSCASE@=\count96
LaTeX Info: Redefining \ldots on input line 378.
LaTeX Info: Redefining \dots on input line 381.
LaTeX Info: Redefining \cdots on input line 466.
\Mathstrutbox@=\box27
\strutbox@=\box28
\big@size=\dimen117
LaTeX Font Info:    Redeclaring font encoding OML on input line 566.
LaTeX Font Info:    Redeclaring font encoding OMS on input line 567.
\macc@depth=\count97
\c@MaxMatrixCols=\count98
\dotsspace@=\muskip10
\c@parentequation=\count99
\dspbrk@lvl=\count100
\tag@help=\toks18
\row@=\count101
\column@=\count102
\maxfields@=\count103
\andhelp@=\toks19
\eqnshift@=\dimen118
\alignsep@=\dimen119
\tagshift@=\dimen120
\tagwidth@=\dimen121
\totwidth@=\dimen122
\lineht@=\dimen123
\@envbody=\toks20
\multlinegap=\skip48
\multlinetaggap=\skip49
\mathdisplay@stack=\toks21
LaTeX Info: Redefining \[ on input line 2665.
LaTeX Info: Redefining \] on input line 2666.
)
(./algorithm.sty
Package: algorithm 

Document Style `algorithm' - floating environment
(/usr/local/texlive/2013/texmf-dist/tex/latex/float/float.sty
Package: float 2001/11/08 v1.3d Float enhancements (AL)
\c@float@type=\count104
\float@exts=\toks22
\float@box=\box29
\@float@everytoks=\toks23
\@floatcapt=\box30
)
(/usr/local/texlive/2013/texmf-dist/tex/latex/base/ifthen.sty
Package: ifthen 2001/05/26 v1.1c Standard LaTeX ifthen package (DPC)
)
\@float@every@algorithm=\toks24
\c@algorithm=\count105
)
(./algorithmic.sty
Package: algorithmic 

Document Style `algorithmic' - environment
(/usr/local/texlive/2013/texmf-dist/tex/latex/tools/calc.sty
Package: calc 2007/08/22 v4.3 Infix arithmetic (KKT,FJ)
\calc@Acount=\count106
\calc@Bcount=\count107
\calc@Adimen=\dimen124
\calc@Bdimen=\dimen125
\calc@Askip=\skip50
\calc@Bskip=\skip51
LaTeX Info: Redefining \setlength on input line 76.
LaTeX Info: Redefining \addtolength on input line 77.
\calc@Ccount=\count108
\calc@Cskip=\skip52
)
\c@ALC@line=\count109
\c@ALC@rem=\count110
\ALC@tlm=\skip53
)
(/usr/local/texlive/2013/texmf-dist/tex/latex/sttools/flushend.sty
Package: flushend 2012/05/29 v1.1 Balancing columns at last page
Package: flushend 1997/10/01
\@aaa=\box31
\@ccc=\box32
\@viper=\box33
\hold@viper=\box34
\atColsBreak=\toks25
\@extra@skip=\dimen126
\@nd@page@rule=\dimen127
)
(/usr/local/texlive/2013/texmf-dist/tex/latex/graphics/color.sty
Package: color 2005/11/14 v1.0j Standard LaTeX Color (DPC)

(/usr/local/texlive/2013/texmf-dist/tex/latex/latexconfig/color.cfg
File: color.cfg 2007/01/18 v1.5 color configuration of teTeX/TeXLive
)
Package color Info: Driver file: pdftex.def on input line 130.
)
(./iros14boids.aux)
\openout1 = `iros14boids.aux'.

LaTeX Font Info:    Checking defaults for OML/cmm/m/it on input line 36.
LaTeX Font Info:    ... okay on input line 36.
LaTeX Font Info:    Checking defaults for T1/cmr/m/n on input line 36.
LaTeX Font Info:    ... okay on input line 36.
LaTeX Font Info:    Checking defaults for OT1/cmr/m/n on input line 36.
LaTeX Font Info:    ... okay on input line 36.
LaTeX Font Info:    Checking defaults for OMS/cmsy/m/n on input line 36.
LaTeX Font Info:    ... okay on input line 36.
LaTeX Font Info:    Checking defaults for OMX/cmex/m/n on input line 36.
LaTeX Font Info:    ... okay on input line 36.
LaTeX Font Info:    Checking defaults for U/cmr/m/n on input line 36.
LaTeX Font Info:    ... okay on input line 36.

(/usr/local/texlive/2013/texmf-dist/tex/context/base/supp-pdf.mkii
[Loading MPS to PDF converter (version 2006.09.02).]
\scratchcounter=\count111
\scratchdimen=\dimen128
\scratchbox=\box35
\nofMPsegments=\count112
\nofMParguments=\count113
\everyMPshowfont=\toks26
\MPscratchCnt=\count114
\MPscratchDim=\dimen129
\MPnumerator=\count115
\makeMPintoPDFobject=\count116
\everyMPtoPDFconversion=\toks27
) (/usr/local/texlive/2013/texmf-dist/tex/generic/oberdiek/pdftexcmds.sty
Package: pdftexcmds 2011/11/29 v0.20 Utility functions of pdfTeX for LuaTeX (HO
)

(/usr/local/texlive/2013/texmf-dist/tex/generic/oberdiek/ifluatex.sty
Package: ifluatex 2010/03/01 v1.3 Provides the ifluatex switch (HO)
Package ifluatex Info: LuaTeX not detected.
)
(/usr/local/texlive/2013/texmf-dist/tex/generic/oberdiek/ifpdf.sty
Package: ifpdf 2011/01/30 v2.3 Provides the ifpdf switch (HO)
Package ifpdf Info: pdfTeX in PDF mode is detected.
)
Package pdftexcmds Info: LuaTeX not detected.
Package pdftexcmds Info: \pdf@primitive is available.
Package pdftexcmds Info: \pdf@ifprimitive is available.
Package pdftexcmds Info: \pdfdraftmode found.
)
(/usr/local/texlive/2013/texmf-dist/tex/latex/oberdiek/epstopdf-base.sty
Package: epstopdf-base 2010/02/09 v2.5 Base part for package epstopdf

(/usr/local/texlive/2013/texmf-dist/tex/latex/oberdiek/grfext.sty
Package: grfext 2010/08/19 v1.1 Manage graphics extensions (HO)

(/usr/local/texlive/2013/texmf-dist/tex/generic/oberdiek/kvdefinekeys.sty
Package: kvdefinekeys 2011/04/07 v1.3 Define keys (HO)
))
(/usr/local/texlive/2013/texmf-dist/tex/latex/oberdiek/kvoptions.sty
Package: kvoptions 2011/06/30 v3.11 Key value format for package options (HO)

(/usr/local/texlive/2013/texmf-dist/tex/generic/oberdiek/kvsetkeys.sty
Package: kvsetkeys 2012/04/25 v1.16 Key value parser (HO)

(/usr/local/texlive/2013/texmf-dist/tex/generic/oberdiek/etexcmds.sty
Package: etexcmds 2011/02/16 v1.5 Avoid name clashes with e-TeX commands (HO)
Package etexcmds Info: Could not find \expanded.
(etexcmds)             That can mean that you are not using pdfTeX 1.50 or
(etexcmds)             that some package has redefined \expanded.
(etexcmds)             In the latter case, load this package earlier.
)))
Package grfext Info: Graphics extension search list:
(grfext)             [.png,.pdf,.jpg,.mps,.jpeg,.jbig2,.jb2,.PNG,.PDF,.JPG,.JPE
G,.JBIG2,.JB2,.eps]
(grfext)             \AppendGraphicsExtensions on input line 452.

(/usr/local/texlive/2013/texmf-dist/tex/latex/latexconfig/epstopdf-sys.cfg
File: epstopdf-sys.cfg 2010/07/13 v1.3 Configuration of (r)epstopdf for TeX Liv
e
))
LaTeX Font Info:    Try loading font information for U+msa on input line 50.

(/usr/local/texlive/2013/texmf-dist/tex/latex/amsfonts/umsa.fd
File: umsa.fd 2013/01/14 v3.01 AMS symbols A
)
LaTeX Font Info:    Try loading font information for U+msb on input line 50.

(/usr/local/texlive/2013/texmf-dist/tex/latex/amsfonts/umsb.fd
File: umsb.fd 2013/01/14 v3.01 AMS symbols B
) [1{/usr/local/texlive/2013/texmf-var/fonts/map/pdftex/updmap/pdftex.map}


]

LaTeX Font Warning: Command \small invalid in math mode on input line 177.

LaTeX Font Info:    Try loading font information for OT1+pcr on input line 177.

(/usr/local/texlive/2013/texmf-dist/tex/latex/psnfss/ot1pcr.fd
File: ot1pcr.fd 2001/06/04 font definitions for OT1/pcr.
)

LaTeX Font Warning: Command \small invalid in math mode on input line 179.


LaTeX Font Warning: Command \small invalid in math mode on input line 183.


LaTeX Font Warning: Command \small invalid in math mode on input line 186.


LaTeX Font Warning: Command \small invalid in math mode on input line 189.


LaTeX Font Warning: Command \small invalid in math mode on input line 219.


LaTeX Font Warning: Command \small invalid in math mode on input line 223.


LaTeX Font Warning: Command \small invalid in math mode on input line 224.


LaTeX Font Warning: Command \small invalid in math mode on input line 225.


LaTeX Font Warning: Command \small invalid in math mode on input line 235.


LaTeX Font Warning: Command \small invalid in math mode on input line 242.

[2]

LaTeX Font Warning: Command \small invalid in math mode on input line 273.


LaTeX Font Warning: Command \small invalid in math mode on input line 283.


LaTeX Font Warning: Command \small invalid in math mode on input line 285.


LaTeX Font Warning: Command \small invalid in math mode on input line 290.


LaTeX Font Warning: Command \small invalid in math mode on input line 293.


LaTeX Font Warning: Command \small invalid in math mode on input line 295.


LaTeX Font Warning: Command \small invalid in math mode on input line 296.


LaTeX Font Warning: Command \small invalid in math mode on input line 298.


LaTeX Font Warning: Command \small invalid in math mode on input line 300.


LaTeX Font Warning: Command \small invalid in math mode on input line 300.


LaTeX Font Warning: Command \small invalid in math mode on input line 302.


LaTeX Font Warning: Command \small invalid in math mode on input line 304.


LaTeX Font Warning: Command \small invalid in math mode on input line 314.


LaTeX Font Warning: Command \small invalid in math mode on input line 333.


LaTeX Font Warning: Command \small invalid in math mode on input line 334.


LaTeX Font Warning: Command \small invalid in math mode on input line 350.


LaTeX Font Warning: Command \small invalid in math mode on input line 350.


LaTeX Font Warning: Command \small invalid in math mode on input line 350.


LaTeX Font Warning: Command \small invalid in math mode on input line 350.


LaTeX Font Warning: Command \small invalid in math mode on input line 353.


LaTeX Font Warning: Command \small invalid in math mode on input line 353.


LaTeX Font Warning: Command \small invalid in math mode on input line 369.


LaTeX Font Warning: Command \small invalid in math mode on input line 372.


LaTeX Font Warning: Command \small invalid in math mode on input line 373.


LaTeX Font Warning: Command \small invalid in math mode on input line 373.


LaTeX Font Warning: Command \small invalid in math mode on input line 373.


LaTeX Font Warning: Command \small invalid in math mode on input line 373.


LaTeX Font Warning: Command \small invalid in math mode on input line 374.


LaTeX Font Warning: Command \small invalid in math mode on input line 374.


LaTeX Font Warning: Command \small invalid in math mode on input line 374.


Overfull \hbox (23.95695pt too wide) detected at line 375
\OML/cmm/m/it/10 PF[]\OT1/cmr/m/n/10 (\OML/cmm/m/it/10 b\OT1/cmr/m/n/10 ) = [](
[](\OML/cmm/m/it/10 b\OT1/cmr/m/n/10 ) \OMS/cmsy/m/n/10 ^^@ []\OT1/cmr/m/n/10 (
\OML/cmm/m/it/10 o; []\OT1/cmr/m/n/10 (\OML/cmm/m/it/10 b\OT1/cmr/m/n/10 )))\OM
L/cmm/m/it/10 P[]\OT1/cmr/m/n/10 (\OML/cmm/m/it/10 b; o\OT1/cmr/m/n/10 )\OML/cm
m/m/it/10 ;
 []


LaTeX Font Warning: Command \small invalid in math mode on input line 376.


LaTeX Font Warning: Command \small invalid in math mode on input line 376.


LaTeX Font Warning: Command \small invalid in math mode on input line 377.


LaTeX Font Warning: Command \small invalid in math mode on input line 384.


LaTeX Font Warning: Command \small invalid in math mode on input line 386.


LaTeX Font Warning: Command \small invalid in math mode on input line 387.


LaTeX Font Warning: Command \small invalid in math mode on input line 387.


LaTeX Font Warning: Command \small invalid in math mode on input line 387.


LaTeX Font Warning: Command \small invalid in math mode on input line 389.


LaTeX Font Warning: Command \small invalid in math mode on input line 393.


LaTeX Font Warning: Command \small invalid in math mode on input line 396.


LaTeX Font Warning: Command \small invalid in math mode on input line 397.


LaTeX Font Warning: Command \small invalid in math mode on input line 397.


LaTeX Font Warning: Command \small invalid in math mode on input line 397.


LaTeX Font Warning: Command \small invalid in math mode on input line 397.


LaTeX Font Warning: Command \small invalid in math mode on input line 398.


LaTeX Font Warning: Command \small invalid in math mode on input line 398.

[3]

LaTeX Font Warning: Command \small invalid in math mode on input line 405.


LaTeX Font Warning: Command \small invalid in math mode on input line 406.


LaTeX Font Warning: Command \small invalid in math mode on input line 408.


LaTeX Font Warning: Command \small invalid in math mode on input line 410.


LaTeX Font Warning: Command \small invalid in math mode on input line 412.


LaTeX Font Warning: Command \small invalid in math mode on input line 413.


LaTeX Font Warning: Command \small invalid in math mode on input line 413.


LaTeX Font Warning: Command \small invalid in math mode on input line 413.


LaTeX Font Warning: Command \small invalid in math mode on input line 413.


LaTeX Font Warning: Command \small invalid in math mode on input line 413.


LaTeX Font Warning: Command \small invalid in math mode on input line 414.


LaTeX Font Warning: Command \small invalid in math mode on input line 417.


LaTeX Font Warning: Command \small invalid in math mode on input line 433.


LaTeX Font Warning: Command \small invalid in math mode on input line 433.


LaTeX Font Warning: Command \small invalid in math mode on input line 435.


LaTeX Font Warning: Command \small invalid in math mode on input line 441.


LaTeX Font Warning: Command \small invalid in math mode on input line 442.


LaTeX Font Warning: Command \small invalid in math mode on input line 442.


LaTeX Font Warning: Command \small invalid in math mode on input line 467.


LaTeX Font Warning: Command \small invalid in math mode on input line 467.


LaTeX Font Warning: Command \small invalid in math mode on input line 469.


LaTeX Font Warning: Command \small invalid in math mode on input line 469.


LaTeX Font Warning: Command \small invalid in math mode on input line 469.


LaTeX Font Warning: Command \small invalid in math mode on input line 469.


LaTeX Font Warning: Command \small invalid in math mode on input line 470.


LaTeX Font Warning: Command \small invalid in math mode on input line 470.


LaTeX Font Warning: Command \small invalid in math mode on input line 476.


LaTeX Font Warning: Command \small invalid in math mode on input line 476.


LaTeX Font Warning: Command \small invalid in math mode on input line 477.


LaTeX Font Warning: Command \small invalid in math mode on input line 477.


LaTeX Font Warning: Command \small invalid in math mode on input line 477.

<figs/m7.pdf, id=27, 1246.6575pt x 722.7pt>
File: figs/m7.pdf Graphic file (type pdf)
 <use figs/m7.pdf>
Package pdftex.def Info: figs/m7.pdf used on input line 508.
(pdftex.def)             Requested size: 278.24104pt x 161.29922pt.

<figs/scene1.pdf, id=28, 1284.8pt x 722.7pt>
File: figs/scene1.pdf Graphic file (type pdf)
 <use figs/scene1.pdf>
Package pdftex.def Info: figs/scene1.pdf used on input line 509.
(pdftex.def)             Requested size: 278.24104pt x 156.50227pt.

<figs/scene2.pdf, id=29, 1246.6575pt x 722.7pt>
File: figs/scene2.pdf Graphic file (type pdf)
 <use figs/scene2.pdf>
Package pdftex.def Info: figs/scene2.pdf used on input line 511.
(pdftex.def)             Requested size: 278.24104pt x 161.29922pt.

Overfull \hbox (334.76398pt too wide) in paragraph at lines 507--516
[][] 
 []

[4 <./figs/m7.pdf> <./figs/scene1.pdf

pdfTeX warning: pdflatex (file ./figs/scene1.pdf): PDF inclusion: multiple pdfs
 with page group included in a single page
> <./figs/scene2.pdf

pdfTeX warning: pdflatex (file ./figs/scene2.pdf): PDF inclusion: multiple pdfs
 with page group included in a single page
>]

LaTeX Font Warning: Command \small invalid in math mode on input line 552.


LaTeX Font Warning: Command \small invalid in math mode on input line 558.

<figs/figResT.pdf, id=52, 903.375pt x 505.89pt>
File: figs/figResT.pdf Graphic file (type pdf)
 <use figs/figResT.pdf>
Package pdftex.def Info: figs/figResT.pdf used on input line 562.
(pdftex.def)             Requested size: 247.88887pt x 138.81526pt.

<figs/figResST.pdf, id=53, 903.375pt x 505.89pt>
File: figs/figResST.pdf Graphic file (type pdf)
 <use figs/figResST.pdf>
Package pdftex.def Info: figs/figResST.pdf used on input line 563.
(pdftex.def)             Requested size: 247.88887pt x 138.81526pt.

Overfull \hbox (2.17076pt too wide) in paragraph at lines 562--567
 [][] 
 []


Overfull \hbox (2.17076pt too wide) in paragraph at lines 562--567
 [] 
 []


LaTeX Font Warning: Command \small invalid in math mode on input line 572.


LaTeX Font Warning: Command \small invalid in math mode on input line 574.

<figs/figResFL.pdf, id=54, 903.375pt x 505.89pt>
File: figs/figResFL.pdf Graphic file (type pdf)
 <use figs/figResFL.pdf>
Package pdftex.def Info: figs/figResFL.pdf used on input line 594.
(pdftex.def)             Requested size: 328.82541pt x 184.1427pt.

Overfull \hbox (83.1073pt too wide) in paragraph at lines 594--598
 [][] 
 []

<figs/figResD.pdf, id=55, 903.375pt x 505.89pt>
File: figs/figResD.pdf Graphic file (type pdf)
 <use figs/figResD.pdf>
Package pdftex.def Info: figs/figResD.pdf used on input line 614.
(pdftex.def)             Requested size: 328.82541pt x 184.1427pt.

Overfull \hbox (83.1073pt too wide) in paragraph at lines 614--618
 [][] 
 []


LaTeX Font Warning: Command \small invalid in math mode on input line 625.


Underfull \vbox (badness 3746) has occurred while \output is active []

 [5 <./figs/figResT.pdf, page is rotated 90 degrees> <./figs/figResST.pdf, page
 is rotated 90 degrees> <./figs/figResFL.pdf, page is rotated 90 degrees> <./fi
gs/figResD.pdf, page is rotated 90 degrees>] (./iros14boids.bbl
Underfull \hbox (badness 1515) in paragraph at lines 133--136
[]\OT1/ptm/m/n/8 A. Kro-n-tiris, S. Louis, and K. E. Bekris, ``Multi-level for-
ma-
 []


Underfull \hbox (badness 5231) in paragraph at lines 147--150
[]\OT1/ptm/m/n/8 A. Wal-lar and E. Plaku, ``Source code for CRoPS: Com-
 []

)

** Conference Paper **
Before submitting the final camera ready copy, remember to:

 1. Manually equalize the lengths of two columns on the last page
 of your paper;

 2. Ensure that any PostScript and/or PDF output post-processing
 uses only Type 1 fonts and that every step in the generation
 process uses the US letter (8.5in X 11in) paper size.

Extra height:33.73193pt when 490.60689pt
Extra height:0.0pt when 491.60689pt
(2)Left:491.60689pt Right:488.46387pt Output:491.60689pt
- LAST -
Extra skip:0.0pt
Left:491.60689pt
Right:488.46387pt
Output:491.60689pt
[6] (./iros14boids.aux) ) 
Here is how much of TeX's memory you used:
 3575 strings out of 493315
 50610 string characters out of 6137904
 136604 words of memory out of 5000000
 6936 multiletter control sequences out of 15000+600000
 47382 words of font info for 102 fonts, out of 8000000 for 9000
 957 hyphenation exceptions out of 8191
 38i,12n,26p,378b,324s stack positions out of 5000i,500n,10000p,200000b,80000s
{/usr/local/texlive/2013/texmf-dist/fonts/enc/dvips/ba
se/8r.enc}</usr/local/texlive/2013/texmf-dist/fonts/type1/public/amsfonts/cm/cm
ex10.pfb></usr/local/texlive/2013/texmf-dist/fonts/type1/public/amsfonts/cm/cmm
i10.pfb></usr/local/texlive/2013/texmf-dist/fonts/type1/public/amsfonts/cm/cmmi
5.pfb></usr/local/texlive/2013/texmf-dist/fonts/type1/public/amsfonts/cm/cmmi6.
pfb></usr/local/texlive/2013/texmf-dist/fonts/type1/public/amsfonts/cm/cmmi7.pf
b></usr/local/texlive/2013/texmf-dist/fonts/type1/public/amsfonts/cm/cmmi8.pfb>
</usr/local/texlive/2013/texmf-dist/fonts/type1/public/amsfonts/cm/cmr10.pfb></
usr/local/texlive/2013/texmf-dist/fonts/type1/public/amsfonts/cm/cmr7.pfb></usr
/local/texlive/2013/texmf-dist/fonts/type1/public/amsfonts/cm/cmsy10.pfb></usr/
local/texlive/2013/texmf-dist/fonts/type1/public/amsfonts/cm/cmsy5.pfb></usr/lo
cal/texlive/2013/texmf-dist/fonts/type1/public/amsfonts/cm/cmsy7.pfb></usr/loca
l/texlive/2013/texmf-dist/fonts/type1/urw/courier/ucrr8a.pfb></usr/local/texliv
e/2013/texmf-dist/fonts/type1/urw/times/utmb8a.pfb></usr/local/texlive/2013/tex
mf-dist/fonts/type1/urw/times/utmbi8a.pfb></usr/local/texlive/2013/texmf-dist/f
onts/type1/urw/times/utmr8a.pfb></usr/local/texlive/2013/texmf-dist/fonts/type1
/urw/times/utmr8a.pfb></usr/local/texlive/2013/texmf-dist/fonts/type1/urw/times
/utmri8a.pfb>
Output written on iros14boids.pdf (6 pages, 3502926 bytes).
PDF statistics:
 138 PDF objects out of 1000 (max. 8388607)
 95 compressed objects within 1 object stream
 0 named destinations out of 1000 (max. 500000)
 36 words of extra memory for PDF output out of 10000 (max. 10000000)

