\BOOKMARK [0][-]{chapter.1}{\376\377\000N\000a\000m\000e\000s\000p\000a\000c\000e\000\040\000I\000n\000d\000e\000x}{}% 1
\BOOKMARK [1][-]{section.1.1}{\376\377\000N\000a\000m\000e\000s\000p\000a\000c\000e\000\040\000L\000i\000s\000t}{chapter.1}% 2
\BOOKMARK [0][-]{chapter.2}{\376\377\000H\000i\000e\000r\000a\000r\000c\000h\000i\000c\000a\000l\000\040\000I\000n\000d\000e\000x}{}% 3
\BOOKMARK [1][-]{section.2.1}{\376\377\000C\000l\000a\000s\000s\000\040\000H\000i\000e\000r\000a\000r\000c\000h\000y}{chapter.2}% 4
\BOOKMARK [0][-]{chapter.3}{\376\377\000C\000l\000a\000s\000s\000\040\000I\000n\000d\000e\000x}{}% 5
\BOOKMARK [1][-]{section.3.1}{\376\377\000C\000l\000a\000s\000s\000\040\000L\000i\000s\000t}{chapter.3}% 6
\BOOKMARK [0][-]{chapter.4}{\376\377\000F\000i\000l\000e\000\040\000I\000n\000d\000e\000x}{}% 7
\BOOKMARK [1][-]{section.4.1}{\376\377\000F\000i\000l\000e\000\040\000L\000i\000s\000t}{chapter.4}% 8
\BOOKMARK [0][-]{chapter.5}{\376\377\000N\000a\000m\000e\000s\000p\000a\000c\000e\000\040\000D\000o\000c\000u\000m\000e\000n\000t\000a\000t\000i\000o\000n}{}% 9
\BOOKMARK [1][-]{section.5.1}{\376\377\000b\000o\000i\000d\000\040\000N\000a\000m\000e\000s\000p\000a\000c\000e\000\040\000R\000e\000f\000e\000r\000e\000n\000c\000e}{chapter.5}% 10
\BOOKMARK [2][-]{subsection.5.1.1}{\376\377\000F\000u\000n\000c\000t\000i\000o\000n\000\040\000D\000o\000c\000u\000m\000e\000n\000t\000a\000t\000i\000o\000n}{section.5.1}% 11
\BOOKMARK [3][-]{subsubsection.5.1.1.1}{\376\377\000g\000u\000a\000s\000s\000i\000a\000n\000F\000u\000n\000c}{subsection.5.1.1}% 12
\BOOKMARK [2][-]{subsection.5.1.2}{\376\377\000V\000a\000r\000i\000a\000b\000l\000e\000\040\000D\000o\000c\000u\000m\000e\000n\000t\000a\000t\000i\000o\000n}{section.5.1}% 13
\BOOKMARK [3][-]{subsubsection.5.1.2.1}{\376\377\000\137\000\137\000a\000u\000t\000h\000o\000r\000\137\000\137}{subsection.5.1.2}% 14
\BOOKMARK [1][-]{section.5.2}{\376\377\000b\000o\000i\000d\000s\000i\000m\000u\000l\000a\000t\000i\000o\000n\000\040\000N\000a\000m\000e\000s\000p\000a\000c\000e\000\040\000R\000e\000f\000e\000r\000e\000n\000c\000e}{chapter.5}% 15
\BOOKMARK [2][-]{subsection.5.2.1}{\376\377\000V\000a\000r\000i\000a\000b\000l\000e\000\040\000D\000o\000c\000u\000m\000e\000n\000t\000a\000t\000i\000o\000n}{section.5.2}% 16
\BOOKMARK [3][-]{subsubsection.5.2.1.1}{\376\377\000\137\000\137\000a\000u\000t\000h\000o\000r\000\137\000\137}{subsection.5.2.1}% 17
\BOOKMARK [1][-]{section.5.3}{\376\377\000c\000o\000n\000f\000i\000g\000u\000r\000a\000t\000i\000o\000n\000\040\000N\000a\000m\000e\000s\000p\000a\000c\000e\000\040\000R\000e\000f\000e\000r\000e\000n\000c\000e}{chapter.5}% 18
\BOOKMARK [1][-]{section.5.4}{\376\377\000d\000i\000j\000k\000s\000t\000r\000a\000\040\000N\000a\000m\000e\000s\000p\000a\000c\000e\000\040\000R\000e\000f\000e\000r\000e\000n\000c\000e}{chapter.5}% 19
\BOOKMARK [2][-]{subsection.5.4.1}{\376\377\000F\000u\000n\000c\000t\000i\000o\000n\000\040\000D\000o\000c\000u\000m\000e\000n\000t\000a\000t\000i\000o\000n}{section.5.4}% 20
\BOOKMARK [3][-]{subsubsection.5.4.1.1}{\376\377\000D\000i\000j\000k\000s\000t\000r\000a}{subsection.5.4.1}% 21
\BOOKMARK [3][-]{subsubsection.5.4.1.2}{\376\377\000s\000h\000o\000r\000t\000e\000s\000t\000P\000a\000t\000h}{subsection.5.4.1}% 22
\BOOKMARK [1][-]{section.5.5}{\376\377\000g\000a\000t\000h\000e\000r\000s\000t\000a\000t\000s\000\040\000N\000a\000m\000e\000s\000p\000a\000c\000e\000\040\000R\000e\000f\000e\000r\000e\000n\000c\000e}{chapter.5}% 23
\BOOKMARK [2][-]{subsection.5.5.1}{\376\377\000F\000u\000n\000c\000t\000i\000o\000n\000\040\000D\000o\000c\000u\000m\000e\000n\000t\000a\000t\000i\000o\000n}{section.5.5}% 24
\BOOKMARK [3][-]{subsubsection.5.5.1.1}{\376\377\000g\000e\000n\000e\000r\000a\000t\000e\000S\000t\000a\000t\000s}{subsection.5.5.1}% 25
\BOOKMARK [2][-]{subsection.5.5.2}{\376\377\000V\000a\000r\000i\000a\000b\000l\000e\000\040\000D\000o\000c\000u\000m\000e\000n\000t\000a\000t\000i\000o\000n}{section.5.5}% 26
\BOOKMARK [3][-]{subsubsection.5.5.2.1}{\376\377\000m\000a\000p\000L\000i\000s\000t}{subsection.5.5.2}% 27
\BOOKMARK [3][-]{subsubsection.5.5.2.2}{\376\377\000t\000e\000s\000t\000L\000i\000s\000t}{subsection.5.5.2}% 28
\BOOKMARK [1][-]{section.5.6}{\376\377\000g\000o\000a\000l\000\040\000N\000a\000m\000e\000s\000p\000a\000c\000e\000\040\000R\000e\000f\000e\000r\000e\000n\000c\000e}{chapter.5}% 29
\BOOKMARK [2][-]{subsection.5.6.1}{\376\377\000V\000a\000r\000i\000a\000b\000l\000e\000\040\000D\000o\000c\000u\000m\000e\000n\000t\000a\000t\000i\000o\000n}{section.5.6}% 30
\BOOKMARK [3][-]{subsubsection.5.6.1.1}{\376\377\000\137\000\137\000a\000u\000t\000h\000o\000r\000\137\000\137}{subsection.5.6.1}% 31
\BOOKMARK [1][-]{section.5.7}{\376\377\000m\000a\000p\000p\000a\000r\000s\000e\000r\000\040\000N\000a\000m\000e\000s\000p\000a\000c\000e\000\040\000R\000e\000f\000e\000r\000e\000n\000c\000e}{chapter.5}% 32
\BOOKMARK [2][-]{subsection.5.7.1}{\376\377\000F\000u\000n\000c\000t\000i\000o\000n\000\040\000D\000o\000c\000u\000m\000e\000n\000t\000a\000t\000i\000o\000n}{section.5.7}% 33
\BOOKMARK [3][-]{subsubsection.5.7.1.1}{\376\377\000m\000a\000p\000V\000a\000l}{subsection.5.7.1}% 34
\BOOKMARK [3][-]{subsubsection.5.7.1.2}{\376\377\000m\000p\000a\000r\000s\000e}{subsection.5.7.1}% 35
\BOOKMARK [1][-]{section.5.8}{\376\377\000o\000b\000s\000t\000a\000c\000l\000e\000\040\000N\000a\000m\000e\000s\000p\000a\000c\000e\000\040\000R\000e\000f\000e\000r\000e\000n\000c\000e}{chapter.5}% 36
\BOOKMARK [2][-]{subsection.5.8.1}{\376\377\000V\000a\000r\000i\000a\000b\000l\000e\000\040\000D\000o\000c\000u\000m\000e\000n\000t\000a\000t\000i\000o\000n}{section.5.8}% 37
\BOOKMARK [3][-]{subsubsection.5.8.1.1}{\376\377\000\137\000\137\000a\000u\000t\000h\000o\000r\000\137\000\137}{subsection.5.8.1}% 38
\BOOKMARK [1][-]{section.5.9}{\376\377\000p\000r\000i\000o\000d\000i\000c\000t\000\040\000N\000a\000m\000e\000s\000p\000a\000c\000e\000\040\000R\000e\000f\000e\000r\000e\000n\000c\000e}{chapter.5}% 39
\BOOKMARK [1][-]{section.5.10}{\376\377\000p\000r\000m\000\040\000N\000a\000m\000e\000s\000p\000a\000c\000e\000\040\000R\000e\000f\000e\000r\000e\000n\000c\000e}{chapter.5}% 40
\BOOKMARK [1][-]{section.5.11}{\376\377\000t\000e\000s\000t\000\137\000s\000i\000m\000\040\000N\000a\000m\000e\000s\000p\000a\000c\000e\000\040\000R\000e\000f\000e\000r\000e\000n\000c\000e}{chapter.5}% 41
\BOOKMARK [2][-]{subsection.5.11.1}{\376\377\000V\000a\000r\000i\000a\000b\000l\000e\000\040\000D\000o\000c\000u\000m\000e\000n\000t\000a\000t\000i\000o\000n}{section.5.11}% 42
\BOOKMARK [3][-]{subsubsection.5.11.1.1}{\376\377\000a\000r\000g}{subsection.5.11.1}% 43
\BOOKMARK [3][-]{subsubsection.5.11.1.2}{\376\377\000d\000y\000n\000a\000m\000i\000c\000O\000b\000s\000t\000a\000c\000l\000e\000A\000u\000t\000o\000G\000e\000n\000e\000r\000a\000t\000e}{subsection.5.11.1}% 44
\BOOKMARK [3][-]{subsubsection.5.11.1.3}{\376\377\000e\000n\000d\000P\000o\000i\000n\000t}{subsection.5.11.1}% 45
\BOOKMARK [3][-]{subsubsection.5.11.1.4}{\376\377\000f\000l\000o\000c\000k\000S\000i\000z\000e}{subsection.5.11.1}% 46
\BOOKMARK [3][-]{subsubsection.5.11.1.5}{\376\377\000f\000s}{subsection.5.11.1}% 47
\BOOKMARK [3][-]{subsubsection.5.11.1.6}{\376\377\000g\000e\000n\000e\000r\000a\000t\000e\000T\000a\000r\000g\000e\000t}{subsection.5.11.1}% 48
\BOOKMARK [3][-]{subsubsection.5.11.1.7}{\376\377\000m\000a\000p\000D\000i\000c\000t}{subsection.5.11.1}% 49
\BOOKMARK [3][-]{subsubsection.5.11.1.8}{\376\377\000m\000a\000p\000F\000i\000l\000e\000P\000a\000t\000h}{subsection.5.11.1}% 50
\BOOKMARK [3][-]{subsubsection.5.11.1.9}{\376\377\000o\000b\000s\000t\000a\000c\000l\000e\000F\000i\000l\000e\000P\000a\000t\000h}{subsection.5.11.1}% 51
\BOOKMARK [3][-]{subsubsection.5.11.1.10}{\376\377\000s\000t\000a\000r\000t\000P\000o\000i\000n\000t}{subsection.5.11.1}% 52
\BOOKMARK [0][-]{chapter.6}{\376\377\000C\000l\000a\000s\000s\000\040\000D\000o\000c\000u\000m\000e\000n\000t\000a\000t\000i\000o\000n}{}% 53
\BOOKMARK [1][-]{section.6.1}{\376\377\000b\000o\000i\000d\000.\000B\000o\000i\000d\000\040\000C\000l\000a\000s\000s\000\040\000R\000e\000f\000e\000r\000e\000n\000c\000e}{chapter.6}% 54
\BOOKMARK [2][-]{subsection.6.1.1}{\376\377\000D\000e\000t\000a\000i\000l\000e\000d\000\040\000D\000e\000s\000c\000r\000i\000p\000t\000i\000o\000n}{section.6.1}% 55
\BOOKMARK [2][-]{subsection.6.1.2}{\376\377\000C\000o\000n\000s\000t\000r\000u\000c\000t\000o\000r\000\040\000\046\000\040\000D\000e\000s\000t\000r\000u\000c\000t\000o\000r\000\040\000D\000o\000c\000u\000m\000e\000n\000t\000a\000t\000i\000o\000n}{section.6.1}% 56
\BOOKMARK [3][-]{subsubsection.6.1.2.1}{\376\377\000\137\000\137\000i\000n\000i\000t\000\137\000\137}{subsection.6.1.2}% 57
\BOOKMARK [2][-]{subsection.6.1.3}{\376\377\000M\000e\000m\000b\000e\000r\000\040\000F\000u\000n\000c\000t\000i\000o\000n\000\040\000D\000o\000c\000u\000m\000e\000n\000t\000a\000t\000i\000o\000n}{section.6.1}% 58
\BOOKMARK [3][-]{subsubsection.6.1.3.1}{\376\377\000d\000e\000t\000e\000r\000m\000i\000n\000e\000N\000e\000w\000P\000a\000t\000h}{subsection.6.1.3}% 59
\BOOKMARK [3][-]{subsubsection.6.1.3.2}{\376\377\000d\000e\000t\000e\000r\000m\000i\000n\000e\000R\000a\000n\000d\000o\000m\000W\000a\000l\000k}{subsection.6.1.3}% 60
\BOOKMARK [3][-]{subsubsection.6.1.3.3}{\376\377\000d\000r\000a\000w}{subsection.6.1.3}% 61
\BOOKMARK [3][-]{subsubsection.6.1.3.4}{\376\377\000f\000i\000n\000d\000M\000a\000x}{subsection.6.1.3}% 62
\BOOKMARK [3][-]{subsubsection.6.1.3.5}{\376\377\000g\000e\000t\000B\000o\000i\000d\000V\000e\000c\000t\000o\000r\000L\000i\000s\000t}{subsection.6.1.3}% 63
\BOOKMARK [3][-]{subsubsection.6.1.3.6}{\376\377\000g\000e\000t\000D\000i\000r\000e\000c\000t\000i\000o\000n\000V\000e\000c\000t\000o\000r}{subsection.6.1.3}% 64
\BOOKMARK [3][-]{subsubsection.6.1.3.7}{\376\377\000g\000e\000t\000G\000o\000a\000l\000V\000e\000c\000t\000o\000r}{subsection.6.1.3}% 65
\BOOKMARK [3][-]{subsubsection.6.1.3.8}{\376\377\000g\000e\000t\000N\000e\000i\000g\000h\000b\000o\000r\000V\000e\000c\000t\000o\000r\000L\000i\000s\000t}{subsection.6.1.3}% 66
\BOOKMARK [3][-]{subsubsection.6.1.3.9}{\376\377\000g\000e\000t\000O\000b\000s\000t\000a\000c\000l\000e\000V\000e\000c\000t\000o\000r\000L\000i\000s\000t}{subsection.6.1.3}% 67
\BOOKMARK [3][-]{subsubsection.6.1.3.10}{\376\377\000g\000e\000t\000V\000a\000r}{subsection.6.1.3}% 68
\BOOKMARK [3][-]{subsubsection.6.1.3.11}{\376\377\000i\000n\000G\000o\000a\000l}{subsection.6.1.3}% 69
\BOOKMARK [3][-]{subsubsection.6.1.3.12}{\376\377\000i\000n\000i\000t\000F\000u\000n\000c\000t\000i\000o\000n\000P\000a\000r\000a\000m\000e\000t\000e\000r\000s}{subsection.6.1.3}% 70
\BOOKMARK [3][-]{subsubsection.6.1.3.13}{\376\377\000i\000n\000W\000o\000r\000l\000d}{subsection.6.1.3}% 71
\BOOKMARK [3][-]{subsubsection.6.1.3.14}{\376\377\000m\000a\000g}{subsection.6.1.3}% 72
\BOOKMARK [3][-]{subsubsection.6.1.3.15}{\376\377\000n\000o\000r\000m}{subsection.6.1.3}% 73
\BOOKMARK [3][-]{subsubsection.6.1.3.16}{\376\377\000o\000b\000s\000t\000a\000c\000l\000e\000F\000u\000n\000c}{subsection.6.1.3}% 74
\BOOKMARK [3][-]{subsubsection.6.1.3.17}{\376\377\000p\000o\000i\000n\000t\000A\000l\000l\000o\000w\000e\000d}{subsection.6.1.3}% 75
\BOOKMARK [3][-]{subsubsection.6.1.3.18}{\376\377\000r\000e\000d\000u\000c\000e\000W\000e\000i\000g\000h\000t\000V\000a\000l\000u\000e\000s}{subsection.6.1.3}% 76
\BOOKMARK [3][-]{subsubsection.6.1.3.19}{\376\377\000s\000e\000t\000B\000o\000i\000d\000L\000i\000s\000t}{subsection.6.1.3}% 77
\BOOKMARK [3][-]{subsubsection.6.1.3.20}{\376\377\000s\000e\000t\000N\000e\000w\000G\000o\000a\000l}{subsection.6.1.3}% 78
\BOOKMARK [3][-]{subsubsection.6.1.3.21}{\376\377\000s\000i\000g\000m\000o\000i\000d\000F\000u\000n\000c}{subsection.6.1.3}% 79
\BOOKMARK [3][-]{subsubsection.6.1.3.22}{\376\377\000s\000u\000m\000D\000i\000v\000i\000d\000e}{subsection.6.1.3}% 80
\BOOKMARK [3][-]{subsubsection.6.1.3.23}{\376\377\000u\000p\000d\000a\000t\000e}{subsection.6.1.3}% 81
\BOOKMARK [3][-]{subsubsection.6.1.3.24}{\376\377\000u\000p\000d\000a\000t\000e\000P\000o\000s\000i\000t\000i\000o\000n\000B\000u\000f\000f\000e\000r}{subsection.6.1.3}% 82
\BOOKMARK [2][-]{subsection.6.1.4}{\376\377\000M\000e\000m\000b\000e\000r\000\040\000D\000a\000t\000a\000\040\000D\000o\000c\000u\000m\000e\000n\000t\000a\000t\000i\000o\000n}{section.6.1}% 83
\BOOKMARK [3][-]{subsubsection.6.1.4.1}{\376\377\000b\000A\000l\000p\000h\000a}{subsection.6.1.4}% 84
\BOOKMARK [3][-]{subsubsection.6.1.4.2}{\376\377\000b\000B\000e\000t\000a}{subsection.6.1.4}% 85
\BOOKMARK [3][-]{subsubsection.6.1.4.3}{\376\377\000b\000C\000o\000n\000s\000t}{subsection.6.1.4}% 86
\BOOKMARK [3][-]{subsubsection.6.1.4.4}{\376\377\000b\000D\000e\000l\000t\000a}{subsection.6.1.4}% 87
\BOOKMARK [3][-]{subsubsection.6.1.4.5}{\376\377\000b\000I\000n\000f\000l\000u\000e\000n\000c\000e\000R}{subsection.6.1.4}% 88
\BOOKMARK [3][-]{subsubsection.6.1.4.6}{\376\377\000b\000o\000i\000d\000L\000i\000s\000t}{subsection.6.1.4}% 89
\BOOKMARK [3][-]{subsubsection.6.1.4.7}{\376\377\000c\000o\000l\000o\000r}{subsection.6.1.4}% 90
\BOOKMARK [3][-]{subsubsection.6.1.4.8}{\376\377\000c\000o\000m\000p\000W\000e\000i\000g\000h\000t\000L\000i\000s\000t}{subsection.6.1.4}% 91
\BOOKMARK [3][-]{subsubsection.6.1.4.9}{\376\377\000d\000i\000m}{subsection.6.1.4}% 92
\BOOKMARK [3][-]{subsubsection.6.1.4.10}{\376\377\000e\000n\000d\000I\000n\000d\000e\000x}{subsection.6.1.4}% 93
\BOOKMARK [3][-]{subsubsection.6.1.4.11}{\376\377\000e\000P\000o\000s}{subsection.6.1.4}% 94
\BOOKMARK [3][-]{subsubsection.6.1.4.12}{\376\377\000g\000A\000l\000p\000h\000a}{subsection.6.1.4}% 95
\BOOKMARK [3][-]{subsubsection.6.1.4.13}{\376\377\000g\000a\000m\000m\000a\000F\000u\000n\000c}{subsection.6.1.4}% 96
\BOOKMARK [3][-]{subsubsection.6.1.4.14}{\376\377\000g\000B\000e\000t\000a}{subsection.6.1.4}% 97
\BOOKMARK [3][-]{subsubsection.6.1.4.15}{\376\377\000g\000C\000o\000n\000s\000t}{subsection.6.1.4}% 98
\BOOKMARK [3][-]{subsubsection.6.1.4.16}{\376\377\000g\000D\000e\000l\000t\000a}{subsection.6.1.4}% 99
\BOOKMARK [3][-]{subsubsection.6.1.4.17}{\376\377\000g\000o\000a\000l}{subsection.6.1.4}% 100
\BOOKMARK [3][-]{subsubsection.6.1.4.18}{\376\377\000g\000o\000a\000l\000C\000o\000u\000n\000t\000e\000r}{subsection.6.1.4}% 101
\BOOKMARK [3][-]{subsubsection.6.1.4.19}{\376\377\000g\000o\000a\000l\000L\000i\000s\000t}{subsection.6.1.4}% 102
\BOOKMARK [3][-]{subsubsection.6.1.4.20}{\376\377\000g\000o\000a\000l\000N\000o\000d\000e\000s}{subsection.6.1.4}% 103
\BOOKMARK [3][-]{subsubsection.6.1.4.21}{\376\377\000h\000e\000a\000d\000i\000n\000g}{subsection.6.1.4}% 104
\BOOKMARK [3][-]{subsubsection.6.1.4.22}{\376\377\000h\000e\000a\000d\000W\000e\000i\000g\000h\000t\000L\000i\000s\000t}{subsection.6.1.4}% 105
\BOOKMARK [3][-]{subsubsection.6.1.4.23}{\376\377\000n\000e\000i\000g\000h\000b\000o\000r\000S\000i\000z\000e}{subsection.6.1.4}% 106
\BOOKMARK [3][-]{subsubsection.6.1.4.24}{\376\377\000n\000S\000t\000u\000c\000k\000D\000A\000v\000g}{subsection.6.1.4}% 107
\BOOKMARK [3][-]{subsubsection.6.1.4.25}{\376\377\000n\000S\000t\000u\000c\000k\000D\000S\000i\000g\000m\000a}{subsection.6.1.4}% 108
\BOOKMARK [3][-]{subsubsection.6.1.4.26}{\376\377\000o\000b\000B\000e\000t\000a}{subsection.6.1.4}% 109
\BOOKMARK [3][-]{subsubsection.6.1.4.27}{\376\377\000o\000b\000I\000n\000f\000l\000u\000e\000n\000c\000e\000R}{subsection.6.1.4}% 110
\BOOKMARK [3][-]{subsubsection.6.1.4.28}{\376\377\000o\000b\000s\000t\000a\000c\000l\000e\000L\000i\000s\000t}{subsection.6.1.4}% 111
\BOOKMARK [3][-]{subsubsection.6.1.4.29}{\376\377\000p\000o\000s\000i\000t\000i\000o\000n}{subsection.6.1.4}% 112
\BOOKMARK [3][-]{subsubsection.6.1.4.30}{\376\377\000p\000o\000s\000i\000t\000i\000o\000n\000B\000u\000f\000f\000e\000r}{subsection.6.1.4}% 113
\BOOKMARK [3][-]{subsubsection.6.1.4.31}{\376\377\000p\000r\000m\000G\000e\000n}{subsection.6.1.4}% 114
\BOOKMARK [3][-]{subsubsection.6.1.4.32}{\376\377\000r\000a\000d\000i\000u\000s}{subsection.6.1.4}% 115
\BOOKMARK [3][-]{subsubsection.6.1.4.33}{\376\377\000r\000a\000n\000d\000o\000m\000W\000a\000l\000k\000X}{subsection.6.1.4}% 116
\BOOKMARK [3][-]{subsubsection.6.1.4.34}{\376\377\000r\000a\000n\000d\000o\000m\000W\000a\000l\000k\000Y}{subsection.6.1.4}% 117
\BOOKMARK [3][-]{subsubsection.6.1.4.35}{\376\377\000r\000a\000n\000d\000W\000a\000l\000k\000C\000o\000u\000n\000t}{subsection.6.1.4}% 118
\BOOKMARK [3][-]{subsubsection.6.1.4.36}{\376\377\000r\000o\000a\000d\000m\000a\000p}{subsection.6.1.4}% 119
\BOOKMARK [3][-]{subsubsection.6.1.4.37}{\376\377\000s\000c\000r\000e\000e\000n}{subsection.6.1.4}% 120
\BOOKMARK [3][-]{subsubsection.6.1.4.38}{\376\377\000s\000p\000e\000e\000d}{subsection.6.1.4}% 121
\BOOKMARK [3][-]{subsubsection.6.1.4.39}{\376\377\000s\000P\000o\000s}{subsection.6.1.4}% 122
\BOOKMARK [3][-]{subsubsection.6.1.4.40}{\376\377\000s\000t\000u\000c\000k}{subsection.6.1.4}% 123
\BOOKMARK [3][-]{subsubsection.6.1.4.41}{\376\377\000s\000t\000u\000c\000k\000C\000o\000n\000s\000t}{subsection.6.1.4}% 124
\BOOKMARK [3][-]{subsubsection.6.1.4.42}{\376\377\000s\000t\000u\000c\000k\000D\000A\000v\000g}{subsection.6.1.4}% 125
\BOOKMARK [3][-]{subsubsection.6.1.4.43}{\376\377\000s\000t\000u\000c\000k\000D\000S\000i\000g\000m\000a}{subsection.6.1.4}% 126
\BOOKMARK [3][-]{subsubsection.6.1.4.44}{\376\377\000y\000S\000i\000z\000e}{subsection.6.1.4}% 127
\BOOKMARK [1][-]{section.6.2}{\376\377\000g\000o\000a\000l\000.\000C\000i\000r\000c\000l\000e\000G\000o\000a\000l\000\040\000C\000l\000a\000s\000s\000\040\000R\000e\000f\000e\000r\000e\000n\000c\000e}{chapter.6}% 128
\BOOKMARK [2][-]{subsection.6.2.1}{\376\377\000D\000e\000t\000a\000i\000l\000e\000d\000\040\000D\000e\000s\000c\000r\000i\000p\000t\000i\000o\000n}{section.6.2}% 129
\BOOKMARK [2][-]{subsection.6.2.2}{\376\377\000C\000o\000n\000s\000t\000r\000u\000c\000t\000o\000r\000\040\000\046\000\040\000D\000e\000s\000t\000r\000u\000c\000t\000o\000r\000\040\000D\000o\000c\000u\000m\000e\000n\000t\000a\000t\000i\000o\000n}{section.6.2}% 130
\BOOKMARK [3][-]{subsubsection.6.2.2.1}{\376\377\000\137\000\137\000i\000n\000i\000t\000\137\000\137}{subsection.6.2.2}% 131
\BOOKMARK [2][-]{subsection.6.2.3}{\376\377\000M\000e\000m\000b\000e\000r\000\040\000F\000u\000n\000c\000t\000i\000o\000n\000\040\000D\000o\000c\000u\000m\000e\000n\000t\000a\000t\000i\000o\000n}{section.6.2}% 132
\BOOKMARK [3][-]{subsubsection.6.2.3.1}{\376\377\000d\000r\000a\000w}{subsection.6.2.3}% 133
\BOOKMARK [2][-]{subsection.6.2.4}{\376\377\000M\000e\000m\000b\000e\000r\000\040\000D\000a\000t\000a\000\040\000D\000o\000c\000u\000m\000e\000n\000t\000a\000t\000i\000o\000n}{section.6.2}% 134
\BOOKMARK [3][-]{subsubsection.6.2.4.1}{\376\377\000c\000o\000l\000o\000r\000s}{subsection.6.2.4}% 135
\BOOKMARK [3][-]{subsubsection.6.2.4.2}{\376\377\000p\000o\000s\000i\000t\000i\000o\000n}{subsection.6.2.4}% 136
\BOOKMARK [3][-]{subsubsection.6.2.4.3}{\376\377\000r\000a\000d\000i\000u\000s}{subsection.6.2.4}% 137
\BOOKMARK [3][-]{subsubsection.6.2.4.4}{\376\377\000s\000c\000r\000e\000e\000n}{subsection.6.2.4}% 138
\BOOKMARK [1][-]{section.6.3}{\376\377\000c\000o\000n\000f\000i\000g\000u\000r\000a\000t\000i\000o\000n\000.\000C\000o\000n\000f\000i\000g\000u\000r\000a\000t\000i\000o\000n\000\040\000C\000l\000a\000s\000s\000\040\000R\000e\000f\000e\000r\000e\000n\000c\000e}{chapter.6}% 139
\BOOKMARK [2][-]{subsection.6.3.1}{\376\377\000D\000e\000t\000a\000i\000l\000e\000d\000\040\000D\000e\000s\000c\000r\000i\000p\000t\000i\000o\000n}{section.6.3}% 140
\BOOKMARK [2][-]{subsection.6.3.2}{\376\377\000M\000e\000m\000b\000e\000r\000\040\000D\000a\000t\000a\000\040\000D\000o\000c\000u\000m\000e\000n\000t\000a\000t\000i\000o\000n}{section.6.3}% 141
\BOOKMARK [3][-]{subsubsection.6.3.2.1}{\376\377\000b\000o\000i\000d\000S\000p\000e\000e\000d}{subsection.6.3.2}% 142
\BOOKMARK [3][-]{subsubsection.6.3.2.2}{\376\377\000c\000o\000l\000o\000r\000L\000i\000s\000t}{subsection.6.3.2}% 143
\BOOKMARK [3][-]{subsubsection.6.3.2.3}{\376\377\000d\000i\000m}{subsection.6.3.2}% 144
\BOOKMARK [3][-]{subsubsection.6.3.2.4}{\376\377\000g\000o\000a\000l\000R\000a\000d\000i\000u\000s}{subsection.6.3.2}% 145
\BOOKMARK [3][-]{subsubsection.6.3.2.5}{\376\377\000n\000u\000m\000N\000e\000i\000g\000h\000b\000o\000u\000r\000s}{subsection.6.3.2}% 146
\BOOKMARK [3][-]{subsubsection.6.3.2.6}{\376\377\000n\000u\000m\000S\000a\000m\000p\000l\000e\000P\000o\000i\000n\000t\000s}{subsection.6.3.2}% 147
\BOOKMARK [3][-]{subsubsection.6.3.2.7}{\376\377\000s\000c\000r\000e\000e\000n}{subsection.6.3.2}% 148
\BOOKMARK [1][-]{section.6.4}{\376\377\000d\000i\000c\000t\000\040\000C\000l\000a\000s\000s\000\040\000R\000e\000f\000e\000r\000e\000n\000c\000e}{chapter.6}% 149
\BOOKMARK [1][-]{section.6.5}{\376\377\000b\000o\000i\000d\000s\000i\000m\000u\000l\000a\000t\000i\000o\000n\000.\000F\000l\000o\000c\000k\000S\000i\000m\000\040\000C\000l\000a\000s\000s\000\040\000R\000e\000f\000e\000r\000e\000n\000c\000e}{chapter.6}% 150
\BOOKMARK [2][-]{subsection.6.5.1}{\376\377\000D\000e\000t\000a\000i\000l\000e\000d\000\040\000D\000e\000s\000c\000r\000i\000p\000t\000i\000o\000n}{section.6.5}% 151
\BOOKMARK [2][-]{subsection.6.5.2}{\376\377\000C\000o\000n\000s\000t\000r\000u\000c\000t\000o\000r\000\040\000\046\000\040\000D\000e\000s\000t\000r\000u\000c\000t\000o\000r\000\040\000D\000o\000c\000u\000m\000e\000n\000t\000a\000t\000i\000o\000n}{section.6.5}% 152
\BOOKMARK [3][-]{subsubsection.6.5.2.1}{\376\377\000\137\000\137\000i\000n\000i\000t\000\137\000\137}{subsection.6.5.2}% 153
\BOOKMARK [2][-]{subsection.6.5.3}{\376\377\000M\000e\000m\000b\000e\000r\000\040\000F\000u\000n\000c\000t\000i\000o\000n\000\040\000D\000o\000c\000u\000m\000e\000n\000t\000a\000t\000i\000o\000n}{section.6.5}% 154
\BOOKMARK [3][-]{subsubsection.6.5.3.1}{\376\377\000a\000n\000i\000m\000a\000t\000e}{subsection.6.5.3}% 155
\BOOKMARK [3][-]{subsubsection.6.5.3.2}{\376\377\000a\000v\000g}{subsection.6.5.3}% 156
\BOOKMARK [3][-]{subsubsection.6.5.3.3}{\376\377\000g\000e\000t\000B\000o\000i\000d\000D\000a\000t\000a}{subsection.6.5.3}% 157
\BOOKMARK [3][-]{subsubsection.6.5.3.4}{\376\377\000g\000e\000t\000S\000t\000a\000t\000s}{subsection.6.5.3}% 158
\BOOKMARK [3][-]{subsubsection.6.5.3.5}{\376\377\000i\000n\000i\000t\000\137\000p\000r\000m}{subsection.6.5.3}% 159
\BOOKMARK [3][-]{subsubsection.6.5.3.6}{\376\377\000p\000l\000a\000y}{subsection.6.5.3}% 160
\BOOKMARK [3][-]{subsubsection.6.5.3.7}{\376\377\000r\000e\000n\000d\000e\000r}{subsection.6.5.3}% 161
\BOOKMARK [2][-]{subsection.6.5.4}{\376\377\000M\000e\000m\000b\000e\000r\000\040\000D\000a\000t\000a\000\040\000D\000o\000c\000u\000m\000e\000n\000t\000a\000t\000i\000o\000n}{section.6.5}% 162
\BOOKMARK [3][-]{subsubsection.6.5.4.1}{\376\377\000a\000u\000t\000o\000\137\000g\000e\000n\000\137\000n\000u\000m\000b\000e\000r}{subsection.6.5.4}% 163
\BOOKMARK [3][-]{subsubsection.6.5.4.2}{\376\377\000a\000u\000t\000o\000\137\000g\000e\000n\000\137\000o\000b\000s\000t}{subsection.6.5.4}% 164
\BOOKMARK [3][-]{subsubsection.6.5.4.3}{\376\377\000B\000L\000A\000C\000K}{subsection.6.5.4}% 165
\BOOKMARK [3][-]{subsubsection.6.5.4.4}{\376\377\000c\000o\000n\000f\000i\000g}{subsection.6.5.4}% 166
\BOOKMARK [3][-]{subsubsection.6.5.4.5}{\376\377\000c\000o\000u\000n\000t\000e\000r}{subsection.6.5.4}% 167
\BOOKMARK [3][-]{subsubsection.6.5.4.6}{\376\377\000d\000a\000t\000a\000F\000i\000l\000e}{subsection.6.5.4}% 168
\BOOKMARK [3][-]{subsubsection.6.5.4.7}{\376\377\000d\000i\000m}{subsection.6.5.4}% 169
\BOOKMARK [3][-]{subsubsection.6.5.4.8}{\376\377\000d\000o\000n\000e}{subsection.6.5.4}% 170
\BOOKMARK [3][-]{subsubsection.6.5.4.9}{\376\377\000e\000P\000o\000s}{subsection.6.5.4}% 171
\BOOKMARK [3][-]{subsubsection.6.5.4.10}{\376\377\000f\000l\000o\000c\000k\000S\000i\000z\000e}{subsection.6.5.4}% 172
\BOOKMARK [3][-]{subsubsection.6.5.4.11}{\376\377\000f\000o\000n\000t}{subsection.6.5.4}% 173
\BOOKMARK [3][-]{subsubsection.6.5.4.12}{\376\377\000f\000r\000a\000m\000e\000C\000o\000u\000n\000t\000e\000r}{subsection.6.5.4}% 174
\BOOKMARK [3][-]{subsubsection.6.5.4.13}{\376\377\000i\000t\000e\000r\000a\000t\000i\000o\000n\000s}{subsection.6.5.4}% 175
\BOOKMARK [3][-]{subsubsection.6.5.4.14}{\376\377\000m\000a\000p\000F\000i\000l\000e}{subsection.6.5.4}% 176
\BOOKMARK [3][-]{subsubsection.6.5.4.15}{\376\377\000n\000u\000m\000I\000n\000G\000o\000a\000l}{subsection.6.5.4}% 177
\BOOKMARK [3][-]{subsubsection.6.5.4.16}{\376\377\000o\000b\000s\000t\000a\000c\000l\000e\000F\000i\000l\000e}{subsection.6.5.4}% 178
\BOOKMARK [3][-]{subsubsection.6.5.4.17}{\376\377\000s\000P\000o\000s}{subsection.6.5.4}% 179
\BOOKMARK [3][-]{subsubsection.6.5.4.18}{\376\377\000s\000t\000a\000r\000t\000T\000i\000m\000e}{subsection.6.5.4}% 180
\BOOKMARK [3][-]{subsubsection.6.5.4.19}{\376\377\000s\000u\000r\000f\000a\000c\000e\000L\000i\000s\000t}{subsection.6.5.4}% 181
\BOOKMARK [3][-]{subsubsection.6.5.4.20}{\376\377\000W\000H\000I\000T\000E}{subsection.6.5.4}% 182
\BOOKMARK [1][-]{section.6.6}{\376\377\000c\000o\000n\000f\000i\000g\000u\000r\000a\000t\000i\000o\000n\000.\000P\000o\000l\000y\000F\000i\000l\000e\000C\000o\000n\000f\000i\000g\000u\000r\000a\000t\000i\000o\000n\000\040\000C\000l\000a\000s\000s\000\040\000R\000e\000f\000e\000r\000e\000n\000c\000e}{chapter.6}% 183
\BOOKMARK [2][-]{subsection.6.6.1}{\376\377\000D\000e\000t\000a\000i\000l\000e\000d\000\040\000D\000e\000s\000c\000r\000i\000p\000t\000i\000o\000n}{section.6.6}% 184
\BOOKMARK [2][-]{subsection.6.6.2}{\376\377\000M\000e\000m\000b\000e\000r\000\040\000F\000u\000n\000c\000t\000i\000o\000n\000\040\000D\000o\000c\000u\000m\000e\000n\000t\000a\000t\000i\000o\000n}{section.6.6}% 185
\BOOKMARK [3][-]{subsubsection.6.6.2.1}{\376\377\000a\000u\000t\000o\000G\000e\000n\000e\000r\000a\000t\000e\000D\000y\000n\000a\000m\000i\000c\000O\000b\000s\000t\000a\000c\000l\000e\000s}{subsection.6.6.2}% 186
\BOOKMARK [3][-]{subsubsection.6.6.2.2}{\376\377\000i\000n\000i\000t\000V\000a\000r\000s}{subsection.6.6.2}% 187
\BOOKMARK [3][-]{subsubsection.6.6.2.3}{\376\377\000p\000a\000r\000s\000e\000D\000y\000n\000a\000m\000i\000c\000O\000b\000s\000t\000a\000c\000l\000e\000s}{subsection.6.6.2}% 188
\BOOKMARK [2][-]{subsection.6.6.3}{\376\377\000M\000e\000m\000b\000e\000r\000\040\000D\000a\000t\000a\000\040\000D\000o\000c\000u\000m\000e\000n\000t\000a\000t\000i\000o\000n}{section.6.6}% 189
\BOOKMARK [3][-]{subsubsection.6.6.3.1}{\376\377\000a\000u\000t\000o\000\137\000g\000e\000n\000\137\000n\000u\000m\000b\000e\000r}{subsection.6.6.3}% 190
\BOOKMARK [3][-]{subsubsection.6.6.3.2}{\376\377\000a\000u\000t\000o\000\137\000g\000e\000n\000\137\000o\000b\000s\000t}{subsection.6.6.3}% 191
\BOOKMARK [3][-]{subsubsection.6.6.3.3}{\376\377\000b\000o\000i\000d\000L\000i\000s\000t}{subsection.6.6.3}% 192
\BOOKMARK [3][-]{subsubsection.6.6.3.4}{\376\377\000e\000n\000d\000P\000o\000i\000n\000t}{subsection.6.6.3}% 193
\BOOKMARK [3][-]{subsubsection.6.6.3.5}{\376\377\000g\000o\000a\000l\000L\000i\000s\000t}{subsection.6.6.3}% 194
\BOOKMARK [3][-]{subsubsection.6.6.3.6}{\376\377\000n\000o\000d\000e\000s}{subsection.6.6.3}% 195
\BOOKMARK [3][-]{subsubsection.6.6.3.7}{\376\377\000o\000b\000s\000t\000a\000c\000l\000e\000L\000i\000s\000t}{subsection.6.6.3}% 196
\BOOKMARK [3][-]{subsubsection.6.6.3.8}{\376\377\000p\000r\000m\000G\000e\000n}{subsection.6.6.3}% 197
\BOOKMARK [3][-]{subsubsection.6.6.3.9}{\376\377\000s\000t\000a\000r\000t\000P\000o\000i\000n\000t}{subsection.6.6.3}% 198
\BOOKMARK [1][-]{section.6.7}{\376\377\000o\000b\000s\000t\000a\000c\000l\000e\000.\000P\000o\000l\000y\000O\000b\000s\000t\000a\000c\000l\000e\000\040\000C\000l\000a\000s\000s\000\040\000R\000e\000f\000e\000r\000e\000n\000c\000e}{chapter.6}% 199
\BOOKMARK [2][-]{subsection.6.7.1}{\376\377\000D\000e\000t\000a\000i\000l\000e\000d\000\040\000D\000e\000s\000c\000r\000i\000p\000t\000i\000o\000n}{section.6.7}% 200
\BOOKMARK [2][-]{subsection.6.7.2}{\376\377\000C\000o\000n\000s\000t\000r\000u\000c\000t\000o\000r\000\040\000\046\000\040\000D\000e\000s\000t\000r\000u\000c\000t\000o\000r\000\040\000D\000o\000c\000u\000m\000e\000n\000t\000a\000t\000i\000o\000n}{section.6.7}% 201
\BOOKMARK [3][-]{subsubsection.6.7.2.1}{\376\377\000\137\000\137\000i\000n\000i\000t\000\137\000\137}{subsection.6.7.2}% 202
\BOOKMARK [2][-]{subsection.6.7.3}{\376\377\000M\000e\000m\000b\000e\000r\000\040\000F\000u\000n\000c\000t\000i\000o\000n\000\040\000D\000o\000c\000u\000m\000e\000n\000t\000a\000t\000i\000o\000n}{section.6.7}% 203
\BOOKMARK [3][-]{subsubsection.6.7.3.1}{\376\377\000c\000h\000a\000n\000g\000e\000\137\000d\000i\000r\000e\000c\000t\000i\000o\000n}{subsection.6.7.3}% 204
\BOOKMARK [3][-]{subsubsection.6.7.3.2}{\376\377\000c\000h\000e\000c\000k\000C\000o\000l\000l\000i\000s\000i\000o\000n\000W\000i\000t\000h\000O\000t\000h\000e\000r\000O\000b\000s\000t\000a\000c\000l\000e\000s}{subsection.6.7.3}% 205
\BOOKMARK [3][-]{subsubsection.6.7.3.3}{\376\377\000d\000e\000t\000e\000c\000t\000C\000o\000l\000l\000i\000s\000i\000o\000n}{subsection.6.7.3}% 206
\BOOKMARK [3][-]{subsubsection.6.7.3.4}{\376\377\000d\000e\000t\000e\000r\000m\000i\000n\000e\000\137\000l\000a\000s\000t\000\137\000d\000i\000r\000e\000c\000t\000i\000o\000n}{subsection.6.7.3}% 207
\BOOKMARK [3][-]{subsubsection.6.7.3.5}{\376\377\000d\000r\000a\000w}{subsection.6.7.3}% 208
\BOOKMARK [3][-]{subsubsection.6.7.3.6}{\376\377\000e\000s\000t\000i\000m\000a\000t\000e\000P\000o\000l\000y}{subsection.6.7.3}% 209
\BOOKMARK [3][-]{subsubsection.6.7.3.7}{\376\377\000g\000e\000t\000C\000l\000o\000s\000e\000s\000t\000P\000o\000i\000n\000t}{subsection.6.7.3}% 210
\BOOKMARK [3][-]{subsubsection.6.7.3.8}{\376\377\000g\000e\000t\000P\000o\000i\000n\000t}{subsection.6.7.3}% 211
\BOOKMARK [3][-]{subsubsection.6.7.3.9}{\376\377\000g\000e\000t\000R\000a\000d\000i\000u\000s}{subsection.6.7.3}% 212
\BOOKMARK [3][-]{subsubsection.6.7.3.10}{\376\377\000n\000o\000r\000m}{subsection.6.7.3}% 213
\BOOKMARK [3][-]{subsubsection.6.7.3.11}{\376\377\000p\000o\000i\000n\000t\000A\000l\000l\000o\000w\000e\000d}{subsection.6.7.3}% 214
\BOOKMARK [3][-]{subsubsection.6.7.3.12}{\376\377\000p\000o\000i\000n\000t\000I\000n\000P\000o\000l\000y}{subsection.6.7.3}% 215
\BOOKMARK [3][-]{subsubsection.6.7.3.13}{\376\377\000r\000a\000y\000i\000n\000t\000e\000r\000s\000e\000c\000t\000s\000e\000g}{subsection.6.7.3}% 216
\BOOKMARK [3][-]{subsubsection.6.7.3.14}{\376\377\000r\000e\000m\000o\000v\000e\000S\000e\000l\000f\000F\000r\000o\000m\000O\000b\000s\000t\000a\000c\000l\000e\000L\000i\000s\000t}{subsection.6.7.3}% 217
\BOOKMARK [3][-]{subsubsection.6.7.3.15}{\376\377\000t\000r\000a\000n\000s\000l\000a\000t\000e}{subsection.6.7.3}% 218
\BOOKMARK [2][-]{subsection.6.7.4}{\376\377\000M\000e\000m\000b\000e\000r\000\040\000D\000a\000t\000a\000\040\000D\000o\000c\000u\000m\000e\000n\000t\000a\000t\000i\000o\000n}{section.6.7}% 219
\BOOKMARK [3][-]{subsubsection.6.7.4.1}{\376\377\000a\000v\000g\000P\000o\000i\000n\000t}{subsection.6.7.4}% 220
\BOOKMARK [3][-]{subsubsection.6.7.4.2}{\376\377\000b\000o\000u\000n\000d\000a\000r\000y}{subsection.6.7.4}% 221
\BOOKMARK [3][-]{subsubsection.6.7.4.3}{\376\377\000c\000o\000l\000o\000r\000s}{subsection.6.7.4}% 222
\BOOKMARK [3][-]{subsubsection.6.7.4.4}{\376\377\000d\000i\000s\000p\000l\000a\000c\000e\000m\000e\000n\000t}{subsection.6.7.4}% 223
\BOOKMARK [3][-]{subsubsection.6.7.4.5}{\376\377\000d\000y\000n\000a\000m\000i\000c}{subsection.6.7.4}% 224
\BOOKMARK [3][-]{subsubsection.6.7.4.6}{\376\377\000m\000a\000x\000\137\000d\000i\000s\000p\000l\000a\000c\000e\000m\000e\000n\000t}{subsection.6.7.4}% 225
\BOOKMARK [3][-]{subsubsection.6.7.4.7}{\376\377\000m\000a\000x\000D\000i\000s\000t}{subsection.6.7.4}% 226
\BOOKMARK [3][-]{subsubsection.6.7.4.8}{\376\377\000n\000o\000d\000e\000s}{subsection.6.7.4}% 227
\BOOKMARK [3][-]{subsubsection.6.7.4.9}{\376\377\000o\000b\000s\000t\000a\000c\000l\000e\000s}{subsection.6.7.4}% 228
\BOOKMARK [3][-]{subsubsection.6.7.4.10}{\376\377\000s\000c\000r\000e\000e\000n}{subsection.6.7.4}% 229
\BOOKMARK [3][-]{subsubsection.6.7.4.11}{\376\377\000v\000e\000l\000o\000c\000i\000t\000y}{subsection.6.7.4}% 230
\BOOKMARK [1][-]{section.6.8}{\376\377\000p\000r\000i\000o\000d\000i\000c\000t\000.\000p\000r\000i\000o\000r\000i\000t\000y\000D\000i\000c\000t\000i\000o\000n\000a\000r\000y\000\040\000C\000l\000a\000s\000s\000\040\000R\000e\000f\000e\000r\000e\000n\000c\000e}{chapter.6}% 231
\BOOKMARK [2][-]{subsection.6.8.1}{\376\377\000D\000e\000t\000a\000i\000l\000e\000d\000\040\000D\000e\000s\000c\000r\000i\000p\000t\000i\000o\000n}{section.6.8}% 232
\BOOKMARK [2][-]{subsection.6.8.2}{\376\377\000C\000o\000n\000s\000t\000r\000u\000c\000t\000o\000r\000\040\000\046\000\040\000D\000e\000s\000t\000r\000u\000c\000t\000o\000r\000\040\000D\000o\000c\000u\000m\000e\000n\000t\000a\000t\000i\000o\000n}{section.6.8}% 233
\BOOKMARK [3][-]{subsubsection.6.8.2.1}{\376\377\000\137\000\137\000i\000n\000i\000t\000\137\000\137}{subsection.6.8.2}% 234
\BOOKMARK [2][-]{subsection.6.8.3}{\376\377\000M\000e\000m\000b\000e\000r\000\040\000F\000u\000n\000c\000t\000i\000o\000n\000\040\000D\000o\000c\000u\000m\000e\000n\000t\000a\000t\000i\000o\000n}{section.6.8}% 235
\BOOKMARK [3][-]{subsubsection.6.8.3.1}{\376\377\000\137\000\137\000i\000t\000e\000r\000\137\000\137}{subsection.6.8.3}% 236
\BOOKMARK [3][-]{subsubsection.6.8.3.2}{\376\377\000\137\000\137\000s\000e\000t\000i\000t\000e\000m\000\137\000\137}{subsection.6.8.3}% 237
\BOOKMARK [3][-]{subsubsection.6.8.3.3}{\376\377\000s\000e\000t\000d\000e\000f\000a\000u\000l\000t}{subsection.6.8.3}% 238
\BOOKMARK [3][-]{subsubsection.6.8.3.4}{\376\377\000s\000m\000a\000l\000l\000e\000s\000t}{subsection.6.8.3}% 239
\BOOKMARK [1][-]{section.6.9}{\376\377\000p\000r\000m\000.\000P\000R\000M\000G\000e\000n\000e\000r\000a\000t\000o\000r\000\040\000C\000l\000a\000s\000s\000\040\000R\000e\000f\000e\000r\000e\000n\000c\000e}{chapter.6}% 240
\BOOKMARK [2][-]{subsection.6.9.1}{\376\377\000D\000e\000t\000a\000i\000l\000e\000d\000\040\000D\000e\000s\000c\000r\000i\000p\000t\000i\000o\000n}{section.6.9}% 241
\BOOKMARK [2][-]{subsection.6.9.2}{\376\377\000C\000o\000n\000s\000t\000r\000u\000c\000t\000o\000r\000\040\000\046\000\040\000D\000e\000s\000t\000r\000u\000c\000t\000o\000r\000\040\000D\000o\000c\000u\000m\000e\000n\000t\000a\000t\000i\000o\000n}{section.6.9}% 242
\BOOKMARK [3][-]{subsubsection.6.9.2.1}{\376\377\000\137\000\137\000i\000n\000i\000t\000\137\000\137}{subsection.6.9.2}% 243
\BOOKMARK [2][-]{subsection.6.9.3}{\376\377\000M\000e\000m\000b\000e\000r\000\040\000F\000u\000n\000c\000t\000i\000o\000n\000\040\000D\000o\000c\000u\000m\000e\000n\000t\000a\000t\000i\000o\000n}{section.6.9}% 244
\BOOKMARK [3][-]{subsubsection.6.9.3.1}{\376\377\000d\000r\000a\000w}{subsection.6.9.3}% 245
\BOOKMARK [3][-]{subsubsection.6.9.3.2}{\376\377\000d\000r\000a\000w\000P\000a\000t\000h}{subsection.6.9.3}% 246
\BOOKMARK [3][-]{subsubsection.6.9.3.3}{\376\377\000f\000i\000l\000t\000e\000r\000S\000u\000b\000G\000o\000a\000l}{subsection.6.9.3}% 247
\BOOKMARK [3][-]{subsubsection.6.9.3.4}{\376\377\000f\000i\000n\000d\000N\000e\000i\000g\000h\000b\000o\000r\000s}{subsection.6.9.3}% 248
\BOOKMARK [3][-]{subsubsection.6.9.3.5}{\376\377\000g\000e\000n\000e\000r\000a\000t\000e}{subsection.6.9.3}% 249
\BOOKMARK [3][-]{subsubsection.6.9.3.6}{\376\377\000g\000e\000n\000e\000r\000a\000t\000e\000P\000o\000s\000i\000t\000i\000o\000n\000L\000i\000s\000t}{subsection.6.9.3}% 250
\BOOKMARK [3][-]{subsubsection.6.9.3.7}{\376\377\000g\000e\000t\000R\000a\000n\000d\000o\000m}{subsection.6.9.3}% 251
\BOOKMARK [3][-]{subsubsection.6.9.3.8}{\376\377\000g\000e\000t\000S\000h\000o\000r\000t\000e\000s\000t\000P\000a\000t\000h}{subsection.6.9.3}% 252
\BOOKMARK [3][-]{subsubsection.6.9.3.9}{\376\377\000i\000n\000i\000t\000O\000m\000e\000g\000a}{subsection.6.9.3}% 253
\BOOKMARK [3][-]{subsubsection.6.9.3.10}{\376\377\000n\000o\000r\000m}{subsection.6.9.3}% 254
\BOOKMARK [2][-]{subsection.6.9.4}{\376\377\000M\000e\000m\000b\000e\000r\000\040\000D\000a\000t\000a\000\040\000D\000o\000c\000u\000m\000e\000n\000t\000a\000t\000i\000o\000n}{section.6.9}% 255
\BOOKMARK [3][-]{subsubsection.6.9.4.1}{\376\377\000a\000d\000j\000a\000c\000e\000n\000t\000T\000h\000r\000e\000s\000h}{subsection.6.9.4}% 256
\BOOKMARK [3][-]{subsubsection.6.9.4.2}{\376\377\000d\000o\000n\000t\000D\000r\000a\000w}{subsection.6.9.4}% 257
\BOOKMARK [3][-]{subsubsection.6.9.4.3}{\376\377\000e\000n\000d\000P\000o\000s}{subsection.6.9.4}% 258
\BOOKMARK [3][-]{subsubsection.6.9.4.4}{\376\377\000g\000o\000a\000l\000N\000o\000d\000e\000s}{subsection.6.9.4}% 259
\BOOKMARK [3][-]{subsubsection.6.9.4.5}{\376\377\000g\000P\000o\000s\000L\000i\000s\000t}{subsection.6.9.4}% 260
\BOOKMARK [3][-]{subsubsection.6.9.4.6}{\376\377\000n\000u\000m\000N\000e\000x\000t}{subsection.6.9.4}% 261
\BOOKMARK [3][-]{subsubsection.6.9.4.7}{\376\377\000o\000b\000s\000t\000a\000c\000l\000e\000L\000i\000s\000t}{subsection.6.9.4}% 262
\BOOKMARK [3][-]{subsubsection.6.9.4.8}{\376\377\000o\000m\000e\000g\000a\000D\000i\000c\000t}{subsection.6.9.4}% 263
\BOOKMARK [3][-]{subsubsection.6.9.4.9}{\376\377\000r\000o\000a\000d\000m\000a\000p}{subsection.6.9.4}% 264
\BOOKMARK [3][-]{subsubsection.6.9.4.10}{\376\377\000s\000c\000r\000e\000e\000n}{subsection.6.9.4}% 265
\BOOKMARK [3][-]{subsubsection.6.9.4.11}{\376\377\000s\000t\000a\000r\000t\000P\000o\000s}{subsection.6.9.4}% 266
\BOOKMARK [3][-]{subsubsection.6.9.4.12}{\376\377\000s\000u\000b\000G\000o\000a\000l\000N\000u\000m\000b\000e\000r}{subsection.6.9.4}% 267
\BOOKMARK [3][-]{subsubsection.6.9.4.13}{\376\377\000s\000u\000b\000G\000o\000a\000l\000P\000o\000s\000i\000t\000i\000o\000n\000L\000i\000s\000t}{subsection.6.9.4}% 268
\BOOKMARK [3][-]{subsubsection.6.9.4.14}{\376\377\000x\000S\000i\000z\000e}{subsection.6.9.4}% 269
\BOOKMARK [3][-]{subsubsection.6.9.4.15}{\376\377\000y\000S\000i\000z\000e}{subsection.6.9.4}% 270
\BOOKMARK [0][-]{chapter.7}{\376\377\000F\000i\000l\000e\000\040\000D\000o\000c\000u\000m\000e\000n\000t\000a\000t\000i\000o\000n}{}% 271
\BOOKMARK [1][-]{section.7.1}{\376\377\000c\000o\000d\000e\000/\000b\000o\000i\000d\000.\000p\000y\000\040\000F\000i\000l\000e\000\040\000R\000e\000f\000e\000r\000e\000n\000c\000e}{chapter.7}% 272
\BOOKMARK [1][-]{section.7.2}{\376\377\000c\000o\000d\000e\000/\000b\000o\000i\000d\000s\000i\000m\000u\000l\000a\000t\000i\000o\000n\000.\000p\000y\000\040\000F\000i\000l\000e\000\040\000R\000e\000f\000e\000r\000e\000n\000c\000e}{chapter.7}% 273
\BOOKMARK [1][-]{section.7.3}{\376\377\000c\000o\000d\000e\000/\000c\000o\000n\000f\000i\000g\000u\000r\000a\000t\000i\000o\000n\000.\000p\000y\000\040\000F\000i\000l\000e\000\040\000R\000e\000f\000e\000r\000e\000n\000c\000e}{chapter.7}% 274
\BOOKMARK [1][-]{section.7.4}{\376\377\000c\000o\000d\000e\000/\000d\000i\000j\000k\000s\000t\000r\000a\000.\000p\000y\000\040\000F\000i\000l\000e\000\040\000R\000e\000f\000e\000r\000e\000n\000c\000e}{chapter.7}% 275
\BOOKMARK [1][-]{section.7.5}{\376\377\000c\000o\000d\000e\000/\000g\000a\000t\000h\000e\000r\000s\000t\000a\000t\000s\000.\000p\000y\000\040\000F\000i\000l\000e\000\040\000R\000e\000f\000e\000r\000e\000n\000c\000e}{chapter.7}% 276
\BOOKMARK [1][-]{section.7.6}{\376\377\000c\000o\000d\000e\000/\000g\000o\000a\000l\000.\000p\000y\000\040\000F\000i\000l\000e\000\040\000R\000e\000f\000e\000r\000e\000n\000c\000e}{chapter.7}% 277
\BOOKMARK [1][-]{section.7.7}{\376\377\000c\000o\000d\000e\000/\000m\000a\000p\000p\000a\000r\000s\000e\000r\000.\000p\000y\000\040\000F\000i\000l\000e\000\040\000R\000e\000f\000e\000r\000e\000n\000c\000e}{chapter.7}% 278
\BOOKMARK [1][-]{section.7.8}{\376\377\000c\000o\000d\000e\000/\000o\000b\000s\000t\000a\000c\000l\000e\000.\000p\000y\000\040\000F\000i\000l\000e\000\040\000R\000e\000f\000e\000r\000e\000n\000c\000e}{chapter.7}% 279
\BOOKMARK [1][-]{section.7.9}{\376\377\000c\000o\000d\000e\000/\000p\000r\000i\000o\000d\000i\000c\000t\000.\000p\000y\000\040\000F\000i\000l\000e\000\040\000R\000e\000f\000e\000r\000e\000n\000c\000e}{chapter.7}% 280
\BOOKMARK [1][-]{section.7.10}{\376\377\000c\000o\000d\000e\000/\000p\000r\000m\000.\000p\000y\000\040\000F\000i\000l\000e\000\040\000R\000e\000f\000e\000r\000e\000n\000c\000e}{chapter.7}% 281
\BOOKMARK [1][-]{section.7.11}{\376\377\000c\000o\000d\000e\000/\000t\000e\000s\000t\000\137\000s\000i\000m\000.\000p\000y\000\040\000F\000i\000l\000e\000\040\000R\000e\000f\000e\000r\000e\000n\000c\000e}{chapter.7}% 282
\BOOKMARK [-1][-]{section*.73}{\376\377\000I\000n\000d\000e\000x}{}% 283
