The system is: Darwin - 12.5.0 - i386
Compiling the CXX compiler identification source file "CMakeCXXCompilerId.cpp" succeeded.
Compiler: /usr/bin/c++ 
Build flags: 
Id flags: 

The output was:
0


Compilation of the CXX compiler identification source "CMakeCXXCompilerId.cpp" produced "a.out"

The CXX compiler identification is Clang, found in "/Users/wallarelvo-mac/Documents/Projects/CRoPS/code/CodePolygons/CMakeFiles/2.8.11.1/CompilerIdCXX/a.out"

Compiling the C compiler identification source file "CMakeCCompilerId.c" succeeded.
Compiler: /usr/bin/cc 
Build flags: 
Id flags: 

The output was:
0


Compilation of the C compiler identification source "CMakeCCompilerId.c" produced "a.out"

The C compiler identification is Clang, found in "/Users/wallarelvo-mac/Documents/Projects/CRoPS/code/CodePolygons/CMakeFiles/2.8.11.1/CompilerIdC/a.out"

Determining if the CXX compiler works passed with the following output:
Change Dir: /Users/wallarelvo-mac/Documents/Projects/CRoPS/code/CodePolygons/CMakeFiles/CMakeTmp

Run Build Command:/usr/bin/make "cmTryCompileExec2159357714/fast"
/usr/bin/make -f CMakeFiles/cmTryCompileExec2159357714.dir/build.make CMakeFiles/cmTryCompileExec2159357714.dir/build
"/Applications/CMake 2.8-11.app/Contents/bin/cmake" -E cmake_progress_report /Users/wallarelvo-mac/Documents/Projects/CRoPS/code/CodePolygons/CMakeFiles/CMakeTmp/CMakeFiles 1
Building CXX object CMakeFiles/cmTryCompileExec2159357714.dir/testCXXCompiler.cxx.o
/usr/bin/c++     -o CMakeFiles/cmTryCompileExec2159357714.dir/testCXXCompiler.cxx.o -c /Users/wallarelvo-mac/Documents/Projects/CRoPS/code/CodePolygons/CMakeFiles/CMakeTmp/testCXXCompiler.cxx
Linking CXX executable cmTryCompileExec2159357714
"/Applications/CMake 2.8-11.app/Contents/bin/cmake" -E cmake_link_script CMakeFiles/cmTryCompileExec2159357714.dir/link.txt --verbose=1
/usr/bin/c++       -Wl,-search_paths_first -Wl,-headerpad_max_install_names   CMakeFiles/cmTryCompileExec2159357714.dir/testCXXCompiler.cxx.o  -o cmTryCompileExec2159357714  


Detecting CXX compiler ABI info compiled with the following output:
Change Dir: /Users/wallarelvo-mac/Documents/Projects/CRoPS/code/CodePolygons/CMakeFiles/CMakeTmp

Run Build Command:/usr/bin/make "cmTryCompileExec1594649574/fast"
/usr/bin/make -f CMakeFiles/cmTryCompileExec1594649574.dir/build.make CMakeFiles/cmTryCompileExec1594649574.dir/build
"/Applications/CMake 2.8-11.app/Contents/bin/cmake" -E cmake_progress_report /Users/wallarelvo-mac/Documents/Projects/CRoPS/code/CodePolygons/CMakeFiles/CMakeTmp/CMakeFiles 1
Building CXX object CMakeFiles/cmTryCompileExec1594649574.dir/CMakeCXXCompilerABI.cpp.o
/usr/bin/c++     -o CMakeFiles/cmTryCompileExec1594649574.dir/CMakeCXXCompilerABI.cpp.o -c "/Applications/CMake 2.8-11.app/Contents/share/cmake-2.8/Modules/CMakeCXXCompilerABI.cpp"
Linking CXX executable cmTryCompileExec1594649574
"/Applications/CMake 2.8-11.app/Contents/bin/cmake" -E cmake_link_script CMakeFiles/cmTryCompileExec1594649574.dir/link.txt --verbose=1
/usr/bin/c++       -Wl,-search_paths_first -Wl,-headerpad_max_install_names -v -Wl,-v CMakeFiles/cmTryCompileExec1594649574.dir/CMakeCXXCompilerABI.cpp.o  -o cmTryCompileExec1594649574   
Apple LLVM version 4.2 (clang-425.0.28) (based on LLVM 3.2svn)
Target: x86_64-apple-darwin12.5.0
Thread model: posix
 "/usr/bin/ld" -demangle -dynamic -arch x86_64 -macosx_version_min 10.8.0 -o cmTryCompileExec1594649574 -search_paths_first -headerpad_max_install_names -v CMakeFiles/cmTryCompileExec1594649574.dir/CMakeCXXCompilerABI.cpp.o -lstdc++ -lSystem /usr/bin/../lib/clang/4.2/lib/darwin/libclang_rt.osx.a
@(#)PROGRAM:ld  PROJECT:ld64-136
configured to support archs: armv6 armv7 armv7s i386 x86_64
Library search paths:
	/usr/lib
	/usr/local/lib
Framework search paths:
	/Library/Frameworks/
	/System/Library/Frameworks/


Parsed CXX implicit link information from above output:
  link line regex: [^( *|.*[/\])(ld|ld|collect2)[^/\]*( |$)]
  ignore line: [Change Dir: /Users/wallarelvo-mac/Documents/Projects/CRoPS/code/CodePolygons/CMakeFiles/CMakeTmp]
  ignore line: []
  ignore line: [Run Build Command:/usr/bin/make "cmTryCompileExec1594649574/fast"]
  ignore line: [/usr/bin/make -f CMakeFiles/cmTryCompileExec1594649574.dir/build.make CMakeFiles/cmTryCompileExec1594649574.dir/build]
  ignore line: ["/Applications/CMake 2.8-11.app/Contents/bin/cmake" -E cmake_progress_report /Users/wallarelvo-mac/Documents/Projects/CRoPS/code/CodePolygons/CMakeFiles/CMakeTmp/CMakeFiles 1]
  ignore line: [Building CXX object CMakeFiles/cmTryCompileExec1594649574.dir/CMakeCXXCompilerABI.cpp.o]
  ignore line: [/usr/bin/c++     -o CMakeFiles/cmTryCompileExec1594649574.dir/CMakeCXXCompilerABI.cpp.o -c "/Applications/CMake 2.8-11.app/Contents/share/cmake-2.8/Modules/CMakeCXXCompilerABI.cpp"]
  ignore line: [Linking CXX executable cmTryCompileExec1594649574]
  ignore line: ["/Applications/CMake 2.8-11.app/Contents/bin/cmake" -E cmake_link_script CMakeFiles/cmTryCompileExec1594649574.dir/link.txt --verbose=1]
  ignore line: [/usr/bin/c++       -Wl,-search_paths_first -Wl,-headerpad_max_install_names -v -Wl,-v CMakeFiles/cmTryCompileExec1594649574.dir/CMakeCXXCompilerABI.cpp.o  -o cmTryCompileExec1594649574   ]
  ignore line: [Apple LLVM version 4.2 (clang-425.0.28) (based on LLVM 3.2svn)]
  ignore line: [Target: x86_64-apple-darwin12.5.0]
  ignore line: [Thread model: posix]
  link line: [ "/usr/bin/ld" -demangle -dynamic -arch x86_64 -macosx_version_min 10.8.0 -o cmTryCompileExec1594649574 -search_paths_first -headerpad_max_install_names -v CMakeFiles/cmTryCompileExec1594649574.dir/CMakeCXXCompilerABI.cpp.o -lstdc++ -lSystem /usr/bin/../lib/clang/4.2/lib/darwin/libclang_rt.osx.a]
    arg [/usr/bin/ld] ==> ignore
    arg [-demangle] ==> ignore
    arg [-dynamic] ==> ignore
    arg [-arch] ==> ignore
    arg [x86_64] ==> ignore
    arg [-macosx_version_min] ==> ignore
    arg [10.8.0] ==> ignore
    arg [-o] ==> ignore
    arg [cmTryCompileExec1594649574] ==> ignore
    arg [-search_paths_first] ==> ignore
    arg [-headerpad_max_install_names] ==> ignore
    arg [-v] ==> ignore
    arg [CMakeFiles/cmTryCompileExec1594649574.dir/CMakeCXXCompilerABI.cpp.o] ==> ignore
    arg [-lstdc++] ==> lib [stdc++]
    arg [-lSystem] ==> lib [System]
    arg [/usr/bin/../lib/clang/4.2/lib/darwin/libclang_rt.osx.a] ==> lib [/usr/bin/../lib/clang/4.2/lib/darwin/libclang_rt.osx.a]
  Library search paths: [;/usr/lib;/usr/local/lib]
  Framework search paths: [;/Library/Frameworks/;/System/Library/Frameworks/]
  remove lib [System]
  collapse lib [/usr/bin/../lib/clang/4.2/lib/darwin/libclang_rt.osx.a] ==> [/usr/lib/clang/4.2/lib/darwin/libclang_rt.osx.a]
  collapse library dir [/usr/lib] ==> [/usr/lib]
  collapse library dir [/usr/local/lib] ==> [/usr/local/lib]
  collapse framework dir [/Library/Frameworks/] ==> [/Library/Frameworks]
  collapse framework dir [/System/Library/Frameworks/] ==> [/System/Library/Frameworks]
  implicit libs: [stdc++;/usr/lib/clang/4.2/lib/darwin/libclang_rt.osx.a]
  implicit dirs: [/usr/lib;/usr/local/lib]
  implicit fwks: [/Library/Frameworks;/System/Library/Frameworks]


Determining if the C compiler works passed with the following output:
Change Dir: /Users/wallarelvo-mac/Documents/Projects/CRoPS/code/CodePolygons/CMakeFiles/CMakeTmp

Run Build Command:/usr/bin/make "cmTryCompileExec843395909/fast"
/usr/bin/make -f CMakeFiles/cmTryCompileExec843395909.dir/build.make CMakeFiles/cmTryCompileExec843395909.dir/build
"/Applications/CMake 2.8-11.app/Contents/bin/cmake" -E cmake_progress_report /Users/wallarelvo-mac/Documents/Projects/CRoPS/code/CodePolygons/CMakeFiles/CMakeTmp/CMakeFiles 1
Building C object CMakeFiles/cmTryCompileExec843395909.dir/testCCompiler.c.o
/usr/bin/cc    -o CMakeFiles/cmTryCompileExec843395909.dir/testCCompiler.c.o   -c /Users/wallarelvo-mac/Documents/Projects/CRoPS/code/CodePolygons/CMakeFiles/CMakeTmp/testCCompiler.c
Linking C executable cmTryCompileExec843395909
"/Applications/CMake 2.8-11.app/Contents/bin/cmake" -E cmake_link_script CMakeFiles/cmTryCompileExec843395909.dir/link.txt --verbose=1
/usr/bin/cc      -Wl,-search_paths_first -Wl,-headerpad_max_install_names   CMakeFiles/cmTryCompileExec843395909.dir/testCCompiler.c.o  -o cmTryCompileExec843395909  


Detecting C compiler ABI info compiled with the following output:
Change Dir: /Users/wallarelvo-mac/Documents/Projects/CRoPS/code/CodePolygons/CMakeFiles/CMakeTmp

Run Build Command:/usr/bin/make "cmTryCompileExec4210794023/fast"
/usr/bin/make -f CMakeFiles/cmTryCompileExec4210794023.dir/build.make CMakeFiles/cmTryCompileExec4210794023.dir/build
"/Applications/CMake 2.8-11.app/Contents/bin/cmake" -E cmake_progress_report /Users/wallarelvo-mac/Documents/Projects/CRoPS/code/CodePolygons/CMakeFiles/CMakeTmp/CMakeFiles 1
Building C object CMakeFiles/cmTryCompileExec4210794023.dir/CMakeCCompilerABI.c.o
/usr/bin/cc    -o CMakeFiles/cmTryCompileExec4210794023.dir/CMakeCCompilerABI.c.o   -c "/Applications/CMake 2.8-11.app/Contents/share/cmake-2.8/Modules/CMakeCCompilerABI.c"
Linking C executable cmTryCompileExec4210794023
"/Applications/CMake 2.8-11.app/Contents/bin/cmake" -E cmake_link_script CMakeFiles/cmTryCompileExec4210794023.dir/link.txt --verbose=1
/usr/bin/cc      -Wl,-search_paths_first -Wl,-headerpad_max_install_names -v -Wl,-v CMakeFiles/cmTryCompileExec4210794023.dir/CMakeCCompilerABI.c.o  -o cmTryCompileExec4210794023   
Apple LLVM version 4.2 (clang-425.0.28) (based on LLVM 3.2svn)
Target: x86_64-apple-darwin12.5.0
Thread model: posix
 "/usr/bin/ld" -demangle -dynamic -arch x86_64 -macosx_version_min 10.8.0 -o cmTryCompileExec4210794023 -search_paths_first -headerpad_max_install_names -v CMakeFiles/cmTryCompileExec4210794023.dir/CMakeCCompilerABI.c.o -lSystem /usr/bin/../lib/clang/4.2/lib/darwin/libclang_rt.osx.a
@(#)PROGRAM:ld  PROJECT:ld64-136
configured to support archs: armv6 armv7 armv7s i386 x86_64
Library search paths:
	/usr/lib
	/usr/local/lib
Framework search paths:
	/Library/Frameworks/
	/System/Library/Frameworks/


Parsed C implicit link information from above output:
  link line regex: [^( *|.*[/\])(ld|ld|collect2)[^/\]*( |$)]
  ignore line: [Change Dir: /Users/wallarelvo-mac/Documents/Projects/CRoPS/code/CodePolygons/CMakeFiles/CMakeTmp]
  ignore line: []
  ignore line: [Run Build Command:/usr/bin/make "cmTryCompileExec4210794023/fast"]
  ignore line: [/usr/bin/make -f CMakeFiles/cmTryCompileExec4210794023.dir/build.make CMakeFiles/cmTryCompileExec4210794023.dir/build]
  ignore line: ["/Applications/CMake 2.8-11.app/Contents/bin/cmake" -E cmake_progress_report /Users/wallarelvo-mac/Documents/Projects/CRoPS/code/CodePolygons/CMakeFiles/CMakeTmp/CMakeFiles 1]
  ignore line: [Building C object CMakeFiles/cmTryCompileExec4210794023.dir/CMakeCCompilerABI.c.o]
  ignore line: [/usr/bin/cc    -o CMakeFiles/cmTryCompileExec4210794023.dir/CMakeCCompilerABI.c.o   -c "/Applications/CMake 2.8-11.app/Contents/share/cmake-2.8/Modules/CMakeCCompilerABI.c"]
  ignore line: [Linking C executable cmTryCompileExec4210794023]
  ignore line: ["/Applications/CMake 2.8-11.app/Contents/bin/cmake" -E cmake_link_script CMakeFiles/cmTryCompileExec4210794023.dir/link.txt --verbose=1]
  ignore line: [/usr/bin/cc      -Wl,-search_paths_first -Wl,-headerpad_max_install_names -v -Wl,-v CMakeFiles/cmTryCompileExec4210794023.dir/CMakeCCompilerABI.c.o  -o cmTryCompileExec4210794023   ]
  ignore line: [Apple LLVM version 4.2 (clang-425.0.28) (based on LLVM 3.2svn)]
  ignore line: [Target: x86_64-apple-darwin12.5.0]
  ignore line: [Thread model: posix]
  link line: [ "/usr/bin/ld" -demangle -dynamic -arch x86_64 -macosx_version_min 10.8.0 -o cmTryCompileExec4210794023 -search_paths_first -headerpad_max_install_names -v CMakeFiles/cmTryCompileExec4210794023.dir/CMakeCCompilerABI.c.o -lSystem /usr/bin/../lib/clang/4.2/lib/darwin/libclang_rt.osx.a]
    arg [/usr/bin/ld] ==> ignore
    arg [-demangle] ==> ignore
    arg [-dynamic] ==> ignore
    arg [-arch] ==> ignore
    arg [x86_64] ==> ignore
    arg [-macosx_version_min] ==> ignore
    arg [10.8.0] ==> ignore
    arg [-o] ==> ignore
    arg [cmTryCompileExec4210794023] ==> ignore
    arg [-search_paths_first] ==> ignore
    arg [-headerpad_max_install_names] ==> ignore
    arg [-v] ==> ignore
    arg [CMakeFiles/cmTryCompileExec4210794023.dir/CMakeCCompilerABI.c.o] ==> ignore
    arg [-lSystem] ==> lib [System]
    arg [/usr/bin/../lib/clang/4.2/lib/darwin/libclang_rt.osx.a] ==> lib [/usr/bin/../lib/clang/4.2/lib/darwin/libclang_rt.osx.a]
  Library search paths: [;/usr/lib;/usr/local/lib]
  Framework search paths: [;/Library/Frameworks/;/System/Library/Frameworks/]
  remove lib [System]
  collapse lib [/usr/bin/../lib/clang/4.2/lib/darwin/libclang_rt.osx.a] ==> [/usr/lib/clang/4.2/lib/darwin/libclang_rt.osx.a]
  collapse library dir [/usr/lib] ==> [/usr/lib]
  collapse library dir [/usr/local/lib] ==> [/usr/local/lib]
  collapse framework dir [/Library/Frameworks/] ==> [/Library/Frameworks]
  collapse framework dir [/System/Library/Frameworks/] ==> [/System/Library/Frameworks]
  implicit libs: [/usr/lib/clang/4.2/lib/darwin/libclang_rt.osx.a]
  implicit dirs: [/usr/lib;/usr/local/lib]
  implicit fwks: [/Library/Frameworks;/System/Library/Frameworks]


